500
0 1780 341 3836 7143 8592 4312 4783 5124 259 5880 7732 7016 6572 5563 2914 1750 7819
1 5747 3315 6253 4909 9390 2871 8402 9652 7012 4200 5385 3339 5412 7377 745
2 8994 7726 4159 5739 4805 2536 9626 7713 2649 7355 7012 6620 5972 152
3 7629 5648 496 1120 5715 3323 1528 5170 1444 6796 531 273 9997
4 579 369 1299 2 3263 3614 5077 4638 5526 9076 1185 6408 2962 8669
5 3432 7914 6007 7949 7484 4315 7167 8920 79 2296 248 2130 3286
6 7742 8142 4723 6887 4683 6677 4367 2585 3163 4985 3943 1761 4855 987 79 2390 1050 5146 4056
7 7367 8293 4199 5248 905 6557 1090 6207 6361 9477 4444 2309 2071 5715
8 922 7338 2341 7487 1979 1254 3813 5977 1978 8907 6760 2895 2190 2417 3230
9 2159 7621 4426 6311 8199 6906 6871 2896 9265 7256 4352 3687 9395 5417
10 9075 9007 5509 1190 7478 5780 7153 9514 7685 2567 5105 3337 7001 3657 4782
11 4793 1102 6614 3275 2906 1111 979 328 381 7153 8998 1775 4027 9831 4919 6921 9723
12 5962 2656 2958 8812 6482 7703 6808 2621 7169 7578 8580 923 8558 6715 6556
13 2892 4612 6163 4523 1735 4460 1661 6448 7926 9043 6550 5120 5480
14 8382 3260 53 4096 1424 9764 2 1077 9287 126 8183 2611 3888 5627
15 4388 2607 8630 3627 6664 8239 3695 6415 5547 1013 7498 2858 321 9739
16 1217 95 9067 8134 5844 277 1319 5900 3485 223
17 4673 9363 7762 8520 4703 8066 3781 2111 5676 5332 7695
18 2240 8507 37 4780 7116 6570 2063 9239 1345 980 1060 2344 9885 810 1392 1256
19 8341 1824 5165 5219 933 774 9350 462 409 353 9194 3568 649
20 6686 4149 6590 6070 5491 3502 3944 3023 3074 9533 6017 4169 9124 8828
21 9856 3085 691 79 326 7083 5188 7214 6711 9686 9541
22 5032 7351 5348 4683 5029 437 232 6746 352 1703 7731 3845 662
23 2910 8391 520 611 2666 3682 8203 5152 7308 8219 3807
24 6458 8681 6951 8216 2295 5506 1867 2731 3300 5299 2728
25 7196 8880 452 2008 2738 5919 2327 1439 1214 9867 7652 2555 221 5805
26 8196 2240 9903 3451 8793 1926 2571 1258 4569 652 9908 788 1454 946 6541 110
27 5286 8635 4689 7778 3102 9481 5460 1426 186 2399 5540 9008 2962
28 1175 7215 1782 1174 5836 8980 5342 3931 1587 5232 551 2956 6587 6511 3584 79 2156 1695
29 7000 7811 6413 9655 5608 3924 9624 2 7125 4708 9901 5368 3811 1955 5127 9404
30 2691 6107 1159 3815 183 1822 9183 207 3284 8951 7301
31 6226 6641 970 3435 3065 6528 1361 2258 2578 3789 1534 5075 5819
32 7391 6625 4048 6786 3368 8491 7525 3958 2 52 9218 5733 4087 7253 5150 4998
33 9119 8929 2082 9442 9740 4250 9047 1017 9219 4035 3033 9013 3010
34 8089 321 8532 1853 1933 7646 541 9788 7175 1367 2963 6250 9285 3115 2073 7971
35 569 6778 7869 7762 4184 7605 8552 2288 2368 2225 9121 2424 6596 7240 7210 6497 3791 6264
36 1988 9636 7176 9032 1375 3312 2412 849 5731 688 411 7266 1890
37 310 1273 619 4132 3904 9968 7023 7836 6297 2605 3025 7678 9192 9798 3564
38 6200 7846 3232 5749 8033 6419 9639 587 7153 1537 4660 557 8881
39 1298 8308 6538 8562 1581 7559 3245 282 1703 9577 8852 6030 279
40 6894 988 4475 1875 6421 5527 4441 3865 6224 8977 5567 4127 5326 2325
41 7649 3490 2340 4954 2207 708 8138 161 9953 2382 9376 4724 6030
42 6621 4192 9075 2024 4083 3379 5136 7427 5568 3677 2604 1943 8618
43 6102 7556 354 6310 6337 119 9020 399 2962 2147 6914 8435 3003 8164
44 1820 7720 1318 4695 5169 4743 7293 7699 7517 4244 3121 612 7493
45 6973 6438 6404 7138 7438 4547 3060 7626 206 261 2081 9161 7632 9702
46 3689 3207 3765 1037 4119 3827 427 1844 4377 7383 5507 8563 2379
47 4917 8209 8539 6537 3307 6506 386 7334 787 1528 7890 8459 321 6956
48 2541 9132 8018 6125 9236 5870 6459 2896 7261 5223 4069 6594 7113
49 1586 7091 2667 3163 3954 2726 3412 5412 8079 1681 935
50 4360 4536 9007 458 7954 6162 3774 4191 1377 1496 303 6844 2245
51 6143 4747 6338 8462 3700 2288 8481 8981 925 4593 6479 1416 3492
52 2949 9104 7613 7486 9453 3264 4106 1218 3288 3592 1668 4483 7820 2962
53 4616 9465 5876 1497 3297 7285 9114 1774 8103 7904 729 5877 4688 5380 4651 8946 8887 9443
54 2453 3628 8658 4630 2370 5831 2480 3356 4015 1294 8007
55 9933 7962 2334 3261 7718 2560 8447 1852 4649 3012 8485 5717
56 793 8396 9110 6928 9551 3839 5185 6265 5761 3851 8153 6540 9825
57 2483 9277 4555 5955 4445 5628 2875 6240 6830 7204 7320 4253 6797 9306
58 2904 5303 5881 4336 1742 5780 2399 4209 4571 1788 7732 6101 3953 9647
59 906 4537 6850 810 7709 5496 9842 5249 596 3536 7689
60 964 3606 720 8336 9151 7880 4757 3009 9535 6142 5026 9583 2953
61 2299 3716 6737 3818 1532 1388 803 1178 3074 6110 5641
62 9863 9779 8431 8972 4611 4502 36 8859 3941 1619 9120
63 4046 8834 5949 3993 9729 1919 4479 5472 6153 5324 105
64 5985 863 8522 6321 90 6573 4419 6082 3543 8973 5388 9932 9366 6283 614 5762 8433 8651
65 8252 4725 6239 3111 2043 1902 9242 767 5632 5400 8125 9492 4470 8713
66 9959 9164 7575 8126 1065 3442 8811 5440 2102 4572 1237 6851 466
67 8954 2319 9857 3140 3856 6155 1260 238 8850 1519 6938 8887 747 3610 1884
68 4259 1898 5573 5609 7324 7406 7448 6771 2298 8125 54 4229 4961 8133
69 3731 4844 8927 556 5045 3667 1460 7697 6292 1041 3812 4668 7425 9073 8170
70 6344 9109 2136 1677 6434 5406 2697 4969 2989 76 4617 5901 1427
71 5991 3453 3364 4869 4129 1014 2160 7362 9118 9894 9532
72 1207 5222 2818 1808 4257 4901 4806 9581 7922 312 7448 5523 1470 7413 5962
73 1349 8475 5382 7520 1728 7545 587 8970 8697 783 6063 7434 9969
74 2419 4030 5820 6046 6399 8671 166 8473 5650 6779 6847
75 4843 7028 1135 5484 7091 9408 6613 1937 2164 3146 1279 7503
76 5644 8644 2534 1860 7306 243 1193 8562 8332 2038 6131 1064 8339 9252 3407 1705
77 2691 8796 6720 9019 2096 6373 4685 7997 1242 2263 3707 9570
78 6365 4028 173 7095 6632 9930 6162 8746 3531 8969 8388 6738
79 5513 5277 1211 9669 7800 3545 5709 8859 3853 5412 1520 5337 6302 868
80 1365 8490 231 8910 3465 4880 7812 2288 2017 34 3008 6242 1778 5920
81 6743 3298 865 8955 1895 4577 3843 639 4222 9130 5657 5154 3447 3877
82 815 3900 1736 2422 9063 3255 7949 1171 1417 8094 6290 2531 2971
83 8140 7701 808 4107 929 4382 2006 6176 1513 6777 5678 6598
84 9358 4452 5572 8130 561 5518 4618 3605 2147 6468
85 8018 5827 3035 7285 9900 3671 4902 197 1640 8620 8406
86 8361 3236 9512 7844 7561 7574 1904 199 2152 6205 935 7858 0 5941 3043
87 836 4525 5252 450 422 8666 5437 118 3918 3820 1668 8035 3563 7772 5604
88 8600 6444 1863 3404 2018 4043 1510 4785 3615 6637 963
89 9005 6021 96 9298 9949 171 2077 1948 6494 251 1987 5008
90 128 648 5451 9630 4697 7866 2926 6375 6908 6507 6153 3905 2682 3251 7051
91 1704 111 584 412 602 2947 2602 8697 826 7370 176 1097 9499
92 5532 9462 5009 1731 7271 578 8242 4925 9649 2986 4731 3590 8448 305
93 9637 5144 9522 2087 1533 6273 2590 5837 6404 7027 5832 449
94 8361 3650 1715 1000 4487 6613 4129 7432 5030 9199 5838 1023 7007 4937 7246 4678 1796
95 9859 5525 2696 2852 5623 4768 984 5605 3853 6984 5956 6964 5376
96 2901 7839 7527 2842 9442 3147 723 8011 480 2103 8493 3981
97 6692 9363 1016 8813 6416 50 4977 759 884 7329 6868 2396 6859
98 1758 6454 2787 1571 1567 8454 459 2038 1023 2121 986 8769
99 8076 1717 8163 5926 9129 4875 2186 9552 3336 5326 8524 5963
100 2498 8175 4161 1053 3158 5902 1809 1147 2993 909
101 9438 7981 5196 9451 6927 6213 64 1155 8139 2555 6552 6635
102 2529 3242 1774 1714 2977 7144 9688 5180 1324 6411 3304 7566
103 9731 8787 2855 8228 4732 2448 1342 2637 8747 4980 9925
104 5822 2326 4494 9547 7883 8641 9262 3975 6952 4311 6292 2599 9588 1066 6843
105 8648 4071 9887 2991 989 6589 1833 2307 8877 3204 6446 4346 5544
106 5362 4910 3012 6583 1869 3461 2057 313 7767 5236 6965 2675
107 2533 1900 6905 7652 4738 1126 1004 7128 2566 3977 9446 2364
108 4322 8005 2152 1015 6048 6682 8120 5646 5397 8538
109 7947 8380 934 8438 4449 5537 5307 1659 1950 6604 7473 9179
110 7757 1540 9270 8013 2643 9055 2672 8349 9634 7234 8721 9053
111 9792 931 3268 7407 651 4720 795 4471 8048 8722 1762 7025 7755 3657
112 1010 3894 47 5067 9357 2630 7568 1166 4856 7437 2700 5402 4680
113 8275 8366 6425 2302 1992 1252 5564 9968 5699 1409 7299 1179 5708
114 2059 4199 8986 3894 3017 208 4608 5904 5570 7751 9473 5207 3213 7598 722
115 8956 7905 2434 2937 6065 4977 5534 4270 2187 2499 775
116 8254 1223 1979 5730 7306 7641 8483 7050 3844 8672 2556 5599 6998 9327
117 6935 3589 2758 4389 2690 8660 9083 3810 4913 3006 3506 655 2418 3936 5823
118 1720 8010 8078 4910 3199 9842 3049 2804 8596 3911 5265 7702
119 129 8831 3972 2918 8128 6533 8947 7225 1647 8994 9598 5486
120 5079 962 451 8959 9545 4342 500 8917 1033 5815 1752
121 4821 9955 2115 9101 92 8204 1801 3011 5939 6436 8387 3439
122 8871 8309 3254 242 6202 5821 4078 4005 8247 1495 2969 7115 5430
123 3675 1696 8401 4115 2332 2225 7014 1343 3077 2028 8543 7842 6630 8136 4872
124 4259 9938 3936 4275 2183 7239 9966 167 6110 4533 8313 3196
125 3719 1668 9487 9222 6306 9172 4938 6268 4151 4479 8860 8160 8705
126 3861 1278 413 6139 7553 463 3950 8555 3772 1546 8322 3595 4208
127 2056 3767 937 4330 2986 3679 9476 5089 9509 201 5276 4303 9615
128 4829 3031 6274 1332 1826 2222 4426 5352 9139 8894 8586 4771 8845 9510
129 7969 3268 7660 181 694 3012 3358 6853 714 5346 946 8830 3209
130 1106 4907 1569 4116 1763 460 8257 3024 9650 6833 7232 9796 8145 4873 9308
131 2902 2768 9666 4920 4608 7864 5524 2090 644 568 9585 6094
132 2527 6601 5849 1893 4922 213 3735 3664 9320 4539 4399 4587
133 3724 3017 8791 7053 6723 425 1791 8423 3921 3359 8371 6327 791
134 5923 3319 1336 6380 5784 1732 383 8786 456 4598 1605 2267
135 1945 21 1590 2184 3561 6421 1296 9842 4356 476 6719 6242 8757 8720
136 1748 2426 9171 3467 6906 4209 9999 4142 6827 6890
137 6369 6684 6972 4489 6531 3021 5854 197 139 5762 8718
138 5614 187 86 8810 5729 7716 5784 8109 5653 5267 3114 842
139 710 5874 1543 8227 979 3383 7057 1309 2851 5860 4183 6800 2468 6741
140 6538 2435 9263 4535 9291 3277 7792 2150 894 8792
141 8527 6278 2248 8568 9385 5165 1971 6075 3077 4420 3372 2259
142 6287 3191 7465 4806 7635 43 957 6938 1168 1117
143 7803 6287 6811 3493 9498 7178 753 6343 9146 7982 1036 9107 6277 3845 6790 3877
144 4952 8394 4156 8838 7303 8974 6710 3131 2219
145 5953 5971 5431 854 3726 8232 731 483 1092 9968 9006 4308 8307
146 4074 385 3103 4187 9797 7185 3744 8549 9775 1186 3037 9086 917
147 306 3683 2049 744 9545 2699 6317 5718 9364 3169 4408
148 2930 1288 574 4927 7228 2338 7311 6101 6245
149 9643 1694 5061 3699 5745 3863 5411 7699 5781 4379 9682 857 2145 6456
150 2398 1285 7773 339 1399 2112 866 702 6058 3197 9746 3877
151 3741 9708 3753 2198 806 7849 370 3334 7153 83 4349 392
152 6751 6656 4010 6452 4749 7989 5834 7951 1873 7999 8843 7379 1668 3178
153 2538 5582 1538 3551 9766 7022 9199 1865 9533 5229 6541 8225 8541
154 4939 895 1698 6759 4367 3982 8928 1093 4078 2178 3402 4820 1431 9825
155 7797 6358 7530 8368 5655 2265 6503 8835 8588 6938 7304 4963 9260 5284
156 1327 777 790 9267 5673 890 9993 1866 2284 8223 2671 6196
157 9224 1376 5426 1182 6508 8789 3982 7224 4354 1120 2090 6357
158 9363 7652 2405 936 4765 4911 5232 4072 106 738 3548
159 8420 1247 8726 5166 7880 9530 5027 3774 4120 4932 3684 8832 909
160 9227 3635 8284 308 2456 7658 1962 1428 2308 2863 2942 3939 4609 8028
161 2326 4766 37 1089 7817 4364 1644 1901 5705 2286 8482 529
162 7856 2319 9741 5091 441 8137 253 1674 4593 1592 5340 1201 9593
163 331 3243 9009 3018 5210 99 4957 6041 843 9783 7796 5748 5612
164 3910 9501 9434 591 4316 7038 2937 5064 5743 7788 4380 559 2759
165 5965 7227 17 8032 2776 3081 4219 8056 6574 5869 5679 8512 8718
166 3194 7048 2505 6380 4929 2055 7713 6179 7412 6617 8371 4799 3394
167 4467 9485 5335 2982 2711 9014 3429 5099 2225 864 772 7337 4439 499 6262 165 7675
168 2845 1009 852 6281 9898 2753 2252 6192 7638 976 6672 6366 7333
169 4476 6358 4227 3360 3752 5621 8431 2643 4835 7756 3181 6553 3642 932
170 1664 9603 3182 4895 5014 3947 4808 7157 2002
171 8086 8260 5163 8185 1412 8107 9187 457 4362 2951 3053 1913 3096 1452 6903 6289 2767 7165 6699
172 7762 9136 473 6634 9705 6345 8625 386 925 468
173 8913 3136 2425 7065 512 1770 3686 8145 5177 4642 8194
174 713 988 7662 5528 4441 5062 8890 5711 6714 1841 4450 4020 2865 732
175 4842 8220 2464 3055 2416 3062 2403 5786 4363 590 8387 8068 8425 7245
176 5004 3894 438 8560 4786 6227 7483 3139 5432 1844 6971
177 138 852 6585 4774 2713 8049 548 1984 4325 6295 1487 8079 9409 1832 3380
178 9244 7088 8110 952 766 8039 1153 3971 3608 5886 1985 7505
179 8650 7358 4435 9679 2662 8471 6112 2941 5182 4940
180 8289 7767 9988 4648 3045 5288 8008 243 9436 7879 4027 8957 5539 6676 3069
181 3452 8253 5800 7949 1341 521 2668 9833 735 8298 1907 232 975 9031
182 7993 5195 2575 1509 9566 3345 2465 7521 7413 1722 4061 7075
183 1362 5557 7121 5891 5456 2935 7597 9533 1673 6288 7055
184 2844 1924 2289 7438 5078 5181 389 7033 131 2058 1966 2255 5454 1975 716
185 1679 24 5893 3982 4239 311 2143 2338 2566 9970 3424 8953 1294
186 9402 3676 3723 7852 9273 9720 7350 8134 4646 5292 5035 3609 7326 1507
187 2318 4340 5503 6310 396 9817 6402 2632 5097 2309 8468 2069
188 1885 3521 1607 9881 1646 695 5375 1617 4456 1881 5828 1552 239 935 1964
189 8386 8783 7659 3095 5936 5445 8049 5742 290 6602 4949 89 9987 6730
190 509 8377 4182 926 4780 2719 3860 1216 7652 1626 4748
191 7993 6020 9244 2375 6750 8659 4060 8195 3257 5007 1124 8881 3033 4668 5116 5905
192 3098 8297 1887 2388 3293 6270 427 203 8430 4523 930 4405
193 1445 8598 9751 2396 7826 5597 7656 6122 9732 3830 4196 8093 4986 978
194 4644 2498 8605 1255 6623 4484 2288 6560 9108 6667 3146 3764 6470 4972
195 6609 5224 8345 645 7965 901 4662 8248 8997 5455 3722 6484 1233 2986 1466 7369
196 5662 3109 2505 5289 6534 5825 1368 4558 4703 7521 3074 5020 8459 9507 623
197 3265 2231 5865 8212 3062 5151 7014 1637 2556 6968 9166 6862
198 8774 9228 7499 5500 7118 1614 317 7128 2474 2867 6285 3252
199 9244 9571 1044 4204 102 3463 9548 1760 3713 8181 726 3706 3171
200 6996 9957 1583 5474 8224 9741 8819 564 4837 5726 5706 5964 2553 259 4055 7770 9800 9706
201 8499 7197 3238 8895 5893 8155 1760 7058 4888 1668 9049 4841
202 4614 7883 4165 2977 2503 1552 3721 9969 8316 4549 3515 9786 6920 424
203 5948 2629 5677 33 2273 6428 6849 2641 3292 6606 4145 5878 6367
204 4846 7132 6054 7060 8874 2884 7458 7724 7953 8748 9185 1049 3510 3723 9809
205 7897 4199 7582 3956 4040 1212 3446 8655 3441 3630 8990 7894 7194 9275
206 2541 2331 9789 2544 6837 7834 6872 741 8259 360 4310 3285
207 9132 3732 3417 926 2590 1610 7150 1105 7479 9048 4879 1244 756 395 3936 6215
208 9562 6910 9383 1394 616 2092 9998 9233 5129 6258 1769 7818 9138
209 1999 4664 3637 9393 6294 4924 8844 6594 3122 7262 1994 6886 5920
210 2860 4613 8716 9413 9907 6647 869 5109 4079 1816 8484 4443
211 4326 4309 6170 1799 1399 3132 6506 2086 8472 3525 930 7173
212 5377 9902 5816 9359 2897 2723 6319 5663 4080 3089 8082 5798
213 6985 6336 7249 5902 4226 3809 8663 4267 455 336 5493 3183
214 6439 8285 1047 7692 3419 2244 682 2734 6961 5254 1508 4527
215 1270 8254 3190 3423 6577 6341 8398 9116 2327 9165 5237 6193
216 8241 9267 7252 8505 7784 1392 8409 7076
217 8696 2500 7126 1879 5393 9842 2401 3626 6204 1948 3612 257 9899 5390 9053
218 1620 3894 4951 830 5107 5672 1997 4474 1919 7240 2798 9468 829
219 8872 2792 8796 417 9688 5172 6186 9872 5900 1253 1335 8256 1238 5416 1236
220 7830 4561 4381 1458 8048 8326 146 6166 1534 9748 5435
221 1731 7000 1814 9155 8492 6398 7296 1850 1222 2336 5852 4136 715
222 7654 1625 5931 2415 6222 7331 3616 9184 7198 3216 6339
223 647 3517 7868 6613 5040 5787 861 296 8778 4136 1236 8389
224 7358 4266 6251 970 9805 1558 4086 7853 8272 5681
225 7120 2812 236 8217 6318 4528 2915 7838 4376 6852 7241
226 5945 9558 6325 9563 7576 2774 3556 4157 8654 3508 2382 6296 2555
227 276 1557 740 2247 979 7019 9476 7776 6449 7996 7155 6051 3034
228 8014 9547 4278 7285 8043 4806 4578 5193 2476 3763 2206 6000 1602 2180
229 1972 3586 5044 6473 2861 8535 5736 7544 1316 6407 4293
230 2949 87 9965 965 6876 2000 9299 8505 1113 3296 1085 4862
231 8809 5409 8742 1541 6897 4824 5880 2079 9154 9312 7070 4604 9370 6414
232 6452 9079 6178 3913 8177 2643 3115 5732 1219 1034 3669 8962 4872
233 4789 871 1486 4508 13 7365 8189 7012 7663 3499 1018 4314 1951
234 1920 5513 2135 6753 5560 4477 3039 4491 9853 4878 7438 4967 7006
235 7582 2968 974 2112 3375 4548 9820 8125 8626 7129 5349 9754
236 7312 8723 7461 2365 2349 9011 2020 6224 6543 4757 6368 6327
237 7764 6465 6872 4246 2882 6205 9627 825 3168 1534 5417
238 17 8367 4455 1349 7146 8985 3873 8978 6305 7049 6633 7059 7926 1339 3773
239 1202 2519 1499 9496 7459 9199 3772 6866 4236 501 5918 7827 3457
240 439 4625 971 6074 9385 9272 5102 7786 4411 7960 6915 7699 1125 9844 3925 6395 7018
241 1084 4543 8815 2185 4152 1303 1734 8427 9979 9022 2764 801 8363
242 474 4654 6333 5788 2275 4534 27 9806 2837 1035 7403 5748 1163 5533
243 3712 1871 6005 4001 2589 8503 2551 9016 7502 9612 3749
244 7336 8870 4323 8235 1719 6389 6879 2403 5561 8426 8580 40 9876
245 5350 5059 4068 9271 7954 6835 1706 4163 9202 9754
246 9848 1203 7421 4038 3038 7078 9007 2856 2229 3570 8656 2377
247 2233 8074 6795 969 3391 8119 2774 7810 874 8058 3999 2202 3074 655 2747
248 1727 7806 689 4552 5403 1301 1556 9307 8167 8429 1917 5396 7092 8026
249 8940 5183 604 2105 4313 1625 5235 9403 8833 8121 4112 607
250 3725 7139 8210 7277 883 8461 7354 7068 2274 2253 6494 3327 3530 3877
251 5531 9388 7368 6049 9266 7269 517 6229 2346 8236 3780 1201
252 7587 3503 5168 8243 5744 2874 2972 6923 738 4481 4176 2748
253 4490 2407 3090 9241 5057 5153 1459 3849 2964 3690 7199
254 4313 3573 6575 8670 2264 1774 4487 3279 8645 8072 9480 9745 6000
255 6011 8635 1754 751 1319 5624 4353 2879 9201 1081 6089 6309
256 844 4193 2627 3475 8708 2856 5703 666 6267 817 271 7373 3983
257 3149 5846 4991 1421 3896 7137 7913 8203 8847 3819 944 8554
258 1445 6943 7236 8343 8975 1105 9403 5310 2718 1371 4513
259 6983 7916 3484 9755 5620 9685 650 2132 7703 493 3785
260 7872 7120 1192 3890 553 3618 3497 5034 8235 4230 9237 2542 9221
261 4627 4172 5922 9694 1170 3895 7615 9824 617 1287 5081 3151
262 5453 5425 6675 847 5688 3599 2877 240 4874 9892 3928 646
263 7594 4912 2665 2583 4356 1495 1837 8798 6713 6455 288
264 9017 603 1421 6520 3314 5940 7356 8728 3521 5950 7878 4807 8968 1745
265 1539 9249 8491 4412 3540 4588 2144 609 3978 2256 857 9099 9416 9349
266 8527 4663 2034 2323 9912 7604 1678 4311 7430 9376 151 6468 4429 1611 4497
267 7471 330 6243 570 9324 3231 2679 4431 1403 2203 7390 3342 3862
268 7056 1559 9244 8593 4647 8305 485 9597 5268 1397 3520 7302 9519 1169 7923
269 9311 906 9158 8100 8853 8321 8072 9935 5294
270 6659 5551 4105 5892 1973 135 6827 6474 7316 5084
271 3371 2455 4758 471 7985 1172 8672 6292 4163 5038 6117 9398
272 1932 2750 6547 5634 9496 8801 7454 9214 6028 7237 361 5452
273 7491 8569 5049 7534 1414 8495 8624 2583 3023 3997 2131 3269 1364 6842 9280 9843
274 1924 5477 8055 4676 6725 6577 671 5566 1042 6509 2649 414 1302 8711
275 9207 4727 6577 1578 5162 9237 7258 2188 4324 5762 6568 7814
276 11 2113 1486 420 5812 1591 2702 3276 8608 9602 9983
277 2074 505 4096 2050 1561 8679 7595 5340 1450 8623 1673 6464
278 2800 8270 1889 3032 4705 4115 2645 2832 4679 4541 7885 8837 9027 1781 7787 7967
279 3153 4861 1548 8986 4225 6571 7447 84 6807 1555 2121 6383 7200 3159 7451
280 4821 2087 3804 6676 5882 8947 9502 1039 1354 6431 5099 5507 3544 2907
281 1011 7396 2353 8410 7527 6070 7024 6317 4394 8211 9825
282 7586 7477 4845 7098 6433 6869 8441 2199 1419 9069 9366 1745 7281
283 9432 298 7426 417 9083 7414 9001 8855 1422 2032 9137 4529 3794 728
284 4544 2205 2029 4589 4472 3300 1888 9586 785 5984 6004
285 4401 5630 5848 2511 429 1819 2591 1007 7840 4516 4678
286 3620 9151 5575 2165 1407 9528 1952 838 6166 5309 4011 7506 2009
287 1406 7535 8293 4934 2684 572 2329 882 824 2595 7382
288 4388 306 6247 8648 148 228 7833 8360 2257 950 7541 9191
289 3987 9527 9173 2647 9293 8479 4501 3287 4854 2395 2782 1346 9858
290 2893 6029 7444 7941 3899 1502 6487 8390 5147 6315
291 3955 4696 2992 2508 2656 3547 3256 6912 3203 6652 1534 4052 7435
292 5924 9392 867 6107 5329 7930 5134 4451 9133 7452 6767 9394 3797
293 9169 143 3227 8213 9864 7593 9581 6597 2114 3100 2829
294 4396 8810 8864 9776 3565 3026 2080 2900 9762 57 3758
295 401 2755 776 1087 5990 6840 1990 3593 9869 3785
296 6692 1357 7722 7747 1632 2079 6043 134 4148 9669 8780 4966 6235 7071
297 46 3475 2200 7980 2846 9415 1435 6959 4203 2885 4814
298 4544 3353 8701 1323 6175 4858 8176 7296 9286 1026 7450 9981 5234 1034 9259 9621
299 3976 1650 8688 5588 3189 9483 589 2984 5339 5254 4240 940 7749 3108
300 8221 8794 9883 6189 367 7097 102 7748 8279 956 8025 9456 7355 7402 6584 2469 2462
301 5946 3217 242 1257 5156 1713 161 4244 9232 693
302 8675 7897 8428 8116 1938 5522 1483 5090 3335 8131 8446
303 1476 4083 8474 630 7780 8094 2504 2067 5221 5101
304 5910 2477 2709 2127 1765 1246 20 8487 2823 7540 7276 5698 8150 155 3745 6057
305 345 1597 3109 3103 2124 9159 7685 5053 7942 5501 363 74
306 2880 3054 5042 6316 6567 4546 9486 9004 6855 6547 3247 5218 1145 9092
307 4278 6547 1757 6925 9148 2062 1331 4190 3580 4702 9521 8038
308 2155 2857 3827 5373 3370 1437 377 5594 7279 760 9827 5801 7514 5113
309 1130 6575 7699 3184 7101 8617 7208 1956 4158 4605 8851 8449 9318
310 7734 9383 4864 9094 7883 4159 4336 2539 6739 2924 5652 8178 3828
311 643 1277 7017 9542 2886 1347 470 5705 2043 1206
312 6654 8502 7429 1688 9159 7042 6802 389 5649 986 5247 5371
313 9628 7160 6300 388 3469 5392 7057 5095 8188 8627 4823 62 5956
314 6686 4804 9656 9735 7847 5913 1958 6650 1240 6671 4784 4686 2036 5867 3058 2045
315 1280 1144 4653 990 2654 5206 5637 300 7059 9031 4522 5492
316 3331 4416 9664 971 5548 9653 297 7531 9548 4348 7961 9641 2414 544 4498 2121
317 8041 5271 9691 3473 563 7429 3889 6689 4929 7867 8752 3835 4178
318 5595 6850 5382 4463 5736 4180 445 7066 4314 101 2521
319 7723 3688 6600 5610 7344 1110 6124 2550 8812 3119 8158 3916 6668
320 511 571 539 9148 737 6724 3398 3355 9456 1129 4850 5556
321 5549 9658 9923 8822 2869 851 4813 1396 1622 1943 7888 3965 1464
322 7164 566 2470 222 6931 3460 5018 2613 4703 3750 9897 7992
323 9457 7720 8293 3351 5895 3637 1878 7207 1148 8889 1475 1812 8324 842
324 5216 4792 1613 5855 1265 983 2601 6891 4110 4665 2704 938 7642 8485
325 6133 8817 8750 7348 9721 4708 8529 5862 1527 3784 3670
326 3573 7968 1507 4201 2022 405 2913 6829 3082 8565 3258
327 9497 4265 6798 4955 3502 1437 8820 7828 7162 9769 5340
328 1084 1669 2139 3825 3336 2825 1063 3512 5867 7240 1501 6346 398
329 7089 4765 8615 5041 9289 8599 2080 1700 3296 6084 2495 9179
330 2843 6690 7453 7761 7771 3469 1831 6884 5833 8770 6174 6526 1162
331 4383 7054 6333 1389 8404 5621 5751 8909 3937 4823 5517 868 2175
332 345 9095 7376 9791 9301 3007 2189 5288 4520 4631 6955 7419 4940 6624 1505 2260 3657
333 7107 2436 3317 2327 2215 2119 9127 876 2710 446
334 7841 8856 3195 677 5419 6350 9008 2290 1572 6290 2637 904 4841
335 104 5528 9066 4129 1031 5858 5543 3347 2803 7807 7142 3357 7664 3318
336 7255 1401 3485 3591 189 7976 5650 3835 3201 728
337 3376 7292 9835 6757 6758 4566 145 1591 5526 4223 3638 6047 5137
338 4696 6721 3117 9743 9725 5826 8249 558 160 3101 4778 5755
339 2564 4898 6098 3411 7474 262 4320 1134 7323 4936 2716 9429
340 245 7097 1874 4474 8682 4883 6796 398 1021
341 9325 9703 2078 410 6113 3758 2172 7179 594 9867 9015 3205 9673
342 7305 5880 7887 6611 4084 6376 5309 3321 5723 8372 7625
343 200 545 2586 2530 8329 9594 4903 9303 7606 3633 2965 6857 8566 1686 7496 7876
344 7180 444 2210 3519 3052 5586 2360 792 7415 6154 1109 183 3734
345 7248 5149 4210 2367 5338 8491 8195 6539 7980 4143 5381 9135 8060 7468
346 4788 6054 1757 3301 9811 3184 8040 1570 8097 1363 9117 9680 2313 3604
347 3678 6542 1055 9657 4687 6241 6256 5112 9372 3124 8515
348 2694 9489 9428 7444 8098 731 771 8193 2923 9727 8197 3946 9866 1290
349 7733 1630 5293 6941 8271 7206 8030 5516 6825 5544 6118 8840
350 3746 6542 2996 8286 1154 8866 6035 9990 8509 6705 7625
351 8514 190 3640 6789 2886 1568 6651 2146 5869 544 3532 3091
352 1406 7823 9458 7933 6918 2265 2536 9389 8722 1339 7858 2849
353 5164 6349 4417 1991 5636 4318 118 1188 1907 1524 6346
354 1350 9575 1441 6708 6815 4292 5555 9713 3088 1690 1940 8207 6130
355 566 733 2216 9946 4655 6467 8291 7246 8115 7507
356 9812 3986 4044 1118 1196 7691 1448 1516 6263 4035 5916
357 5098 4319 9123 3250 991 2196 6023 4298 4776 2168 4716 8858
358 6636 5687 7811 8600 8531 6390 7343 8671 9803 6957 2807 6719 2552 6031 9506
359 7693 645 9257 6424 1506 3415 3295 4700 4855 5058
360 1436 2543 7063 8570 9343 2388 4347 5790 9129 5589 108 9057 2799 8303 6127 9576 8519
361 1076 1772 9488 412 7592 6639 6042 1186 349 9511 1729 5770
362 7321 8392 1875 7536 2670 6861 5341 6764 2013 3437 845 9282 9435 3638 3848 6047
363 7620 5021 5043 1400 6896 780 3048 2370 2220 9479 7029 9304
364 1963 8825 762 8959 7387 7360 7331 5069 5141 3709 9189 1145 489
365 6425 6093 8278 7226 2642 7952 2128 4003 9056 2633 7700
366 5848 3165 400 3697 9019 997 130 5488 1485 5883 2891 3498 9880
367 3194 450 6638 2693 3125 4433 6763 9379 9157 7978 6235 1901 2970
368 3270 1139 4745 4735 6393 5131 2683 9784 1672 7410 6648 7807 9029 5264
369 1544 3202 9780 7513 603 2627 280 8092 7223 3994 9200 7448 5643
370 8440 4326 998 2648 4710 7211 6356 9651 536 3418 8832
371 3346 7041 6996 3144 1334 5439 4166 4317 5330 9258 8652
372 7202 5898 3516 8069 1119 1471 1839 1229 3718 2563 3466 3110 860 7417 2512 4609
373 8597 3468 8825 8478 9251 4738 9738 4098 4391 5960
374 9959 9375 2429 1574 7861 2926 2732 7887 2381 7239 7013 1003 7857
375 8878 18 7790 4099 6653 9378 1532 7125 9833 4603 9611 6526 3376
376 4197 5117 3885 5022 4567 2565 8169 1153 9757 5986 9920 4167 9728 38 4975 8862
377 6194 5457 5248 1779 2118 8066 9845 1403 8689 4281 919 5179
378 9322 3965 2458 4400 6197 7871 1419 506 8855 7552 581 1696 4855 4390
379 4410 9871 1404 9850 3563 5206 9974 7840 5921 3577 468
380 1082 6316 4011 1683 9483 9538 5807 2080 7824 5297 3201
381 8111 7680 6091 8511 967 1383 4984 5546 3992 5968 829 6327 3571
382 4407 1176 8002 7759 5056 61 6248 4427 2244 2280 4035 7385 6386 1185
383 1062 3959 8175 4630 9802 461 3454 4684 7879 4077 2790
384 6382 320 6198 289 1379 5219 7244 1008 8923 1001 4643
385 8522 2784 7081 2653 8343 2262 258 3711 6076 6142 2650 786 1995
386 1876 2402 7069 9226 4740 92 898 1984 1682 6805 2745 6548 5772
387 4829 6768 6660 4265 9900 2847 3661 1012 8031 9671 5081
388 1315 362 5816 9461 5219 6714 6080 5719 4 6353 7606 6056 8536 4607
389 836 2149 5765 725 7297 753 2831 6258 7381 4085 823
390 3914 2561 245 7728 4272 7629 7950 8861 9212 8999 5737 1317 5772 7804
391 5978 3720 4531 5133 3990 1390 1299 5420 3995 3491 3424 5806
392 6320 5839 6469 1658 421 8724 4615 9895 531 9177 9964 3235
393 5245 1521 2612 3377 8034 3864 9353 73 6335 4868 2828 4802 6580 6982
394 7900 5300 1818 4884 9129 7110 2484 9914 149 4173 1416
395 12 4493 9283 4441 9153 4013 5437 383 7133 3701 5957 3581 2674 8306
396 7875 1979 7072 4955 7795 695 2617 202 6792 8942 5272 5473 4641 2071 8930
397 1737 322 6896 3177 9814 4721 4202 4003 3795 1503 5913 4527
398 2161 9338 2355 5626 4081 3700 4634 1550 2976 5743 3694 375 5907
399 9493 2026 3164 2104 6491 7467 7786 3469 3480 9937 4532 6131 583 1501 404
400 477 2340 7986 3846 8759 5555 6397 215 9495 7926 2371 7971 6003
401 3841 330 5212 522 6905 2482 9335 5290 2881 6616 9762 3509
402 806 7883 2457 88 5718 3733 1109 296 9678 8902
403 9102 7910 3211 1286 5693 9242 3947 7559 8830 9619
404 6820 5219 7835 5744 6077 7322 8320 9149 1852 9210 6662 4177
405 4956 6753 4933 7640 3039 1299 3133 4091 3126 5625
406 5754 3249 3038 2157 1134 4141 5638 1114 7619 6742 2310 1464
407 1453 289 6306 2397 3834 6987 44 7832 3745 8674
408 6044 1194 8354 8106 6529 3522 9698 2091 706 9511
409 3217 3885 2958 6138 5857 8637 6159 8768 8941 5167 3046
410 426 6888 2749 4728 5872 7645 9326 7673 9644 8180 5791
411 6410 5725 5929 3391 5861 6088 7147 4440 8917 7232 6470
412 5279 225 4517 8961 5125 6812 709 153 7963 2854 374 6741 5989
413 8614 3190 4759 4989 5840 4034 601 3467 3742 9463 7740 4478 6805 7490 7318 5635 910
414 1597 7509 9132 9826 7353 9988 9314 9096 8311 5639 1629 5307 2960 6898 5072 6702 3362
415 769 4295 8476 6877 6441 6073 3663 4886 6322 9606 8338 9217 7087
416 2155 7565 1366 7135 5871 2144 5981 9263 967 9756 8526 6519 5700 5796 3785
417 3636 8406 4546 847 3680 25 1553 6700 3945 498 6111
418 2911 5323 8535 9240 2241 5994 6986 7643 889 9093 8533 1116 3097
419 5444 4677 8491 1432 5261 8479 3076 9840 5859 9868 2413 4940
420 6069 9294 7529 692 9425 3111 4139 8621 4568 3320 5016
421 5362 8342 9971 1704 3192 9991 1224 9828 3830 8065 1310 1896 755 4550
422 8050 7555 3671 5845 9186 1492 9111 6717 8903 6665
423 5946 9559 4695 4333 9412 6698 8975 5887 8950 989 3186 7663 9943 5391 1488 2001 4174
424 6488 7710 6904 7394 8005 8477 8255 5670 9945 2700 4351
425 8499 7793 1886 3783 1075 9323 9642 585 2921 7046 1119 9716
426 5848 4996 6269 5100 5512 1741 441 797 6423 1542 8898 268 332 1489 235 2651
427 2785 2922 5835 4715 841 8397 8445 103
428 9767 5506 953 2961 6745 6068 7862 6651 5055 3303
429 144 4524 6933 8230 1531 2099 252 3004 9697 684 4224 6909 3216 9340
430 5065 5889 2982 3697 8117 156 9578 9475 150 7272 3141 1017 4168 2985
431 113 5317 8378 3464 9797 9386 5204 360 7696 4606
432 8192 7944 42 2983 3371 7127 3310 4574 4026 5607 1579 6940 5240 7765
433 6666 2357 3689 1883 4664 168 7783 1276 7015 2486 8168 5119 5237
434 5870 9722 3659 204 3656 5400 2335 3015 7650 2066 1608 3365 3945 9008 7819
435 8202 5840 567 8287 4658 1221 8462 5714 5414 8865 4900 5343 4176 3884
436 4319 7798 4636 3299 6402 1440 2120 5600 2873 8135 1262 606 9444 8523
437 5578 7130 9693 1895 5308 8112 7260 6532 9654 7082 4962 1890
438 5536 3160 6119 7990 3301 2824 8267 3229 4020 3241 2622 2967
439 6348 6420 4887 4282 9659 8273 1847 9321 2337 1204 334
440 8551 7798 3028 2746 3933 9274 1842 5088 9573 5017 4904 9152
441 511 6372 4995 5598 580 8891 9460 4064 7749 4061 2162
442 6621 2195 8866 3087 253 4514 4796 4434 758 4509 1601 7700 1104
443 2909 1423 5511 8134 3856 3106 6783 5497 9172 3880 9854 2224 1420 5772
444 2576 8317 9264 8684 3547 2061 7550 2349 333 6658 5306
445 9510 3180 1051 5387 2269 831 8268 6172 4270 6161 569 9213 7423 9763
446 7793 959 7439 8113 5628 2799 9297 6362 93 8324 4734
447 4192 9478 454 2269 6547 9334 2703 9103 2361 2108 1623 5103 3549
448 5174 8628 5465 3647 6900 4913 1283 6078 833 8054 3758 7923 2209
449 3968 9982 5609 233 2685 5763 6173 3866 1614 4196 3501 23
450 7438 5049 3450 968 812 9475 7653 382 7214 2925 1685 4047
451 1593 9736 4294 7283 8967 270 2441 4638 2878 4228 1058 6731 4848
452 4207 1291 6139 9077 8823 253 9160 1068 8190 7831 1161
453 7191 1055 1347 4902 2553 3478 5592 1293 9137 5343 2695 4728
454 5995 4294 1304 2835 1234 2014 3004 7296 8481 5241 8222 7903 2762
455 5669 9900 3396 2076 584 1854 1465 6826 1252
456 4164 6558 278 1479 442 1838 484 916 9979 5743 5875 2573
457 7693 4816 1583 7347 6585 9733 4459 3446 4992 9878 1 7364 1884 6315
458 719 6973 7004 5158 526 6623 5666 7868 3985 5334 7129 3632
459 6750 5126 1639 8262 5341 597 6845 9799 2854 4000 6101 2784
460 4793 1411 2657 635 2015 7851 6593 9834 72 4769 7030
461 4133 355 1851 6501 5654 3766 6467 4014 4279 5617 8044 54
462 2491 8045 8218 1905 7722 7171 3467 3188 4733 9909 1026 5842
463 7401 8701 1998 3260 4065 4322 8996 9814 7864 7222 9692
464 9319 2363 9324 8376 5490 1880 9431 9505 4957 3614 7985 9420
465 8868 1051 7969 1079 447 337 2582 8917 5481 4024 2320 9631
466 8922 3479 7284 5 2871 2250 4764 5177 7918 2863 6767 3254 9439 4405
467 2980 6183 114 7601 7146 99 7936 9305 3121 3104 2677 8497
468 5211 1780 8116 1595 7512 5939 2601 6866 7287 6071 4522 8760
469 7032 4124 5083 2587 1210 6068 3543 1218 9678 2394
470 1073 9875 1328 3970 5171 6720 6573 2404 1787 358 9757 2485 3550 7682 2059 5239
471 7579 2025 5227 4398 4947 9887 1859 6961 2862 3786 6794 5843
472 5897 3242 4340 2314 1425 2167 1487 7689 8017 8504 9365
473 3270 9188 8206 2756 1740 1739 2406 471 1007 4248 6244 5184
474 8787 3651 475 4273 542 7737 5750 8189 7763 2094 8458 494
475 3056 770 6442 3511 6786 6032 6305 5675 7357 5992 5583 8616 4128
476 928 3739 9931 7407 1127 8989 5114 9523 5799 9744 6886
477 2292 6420 6473 3527 9659 7188 164 1473 9279 8928 6912 1923 2623 4415 2524
478 5275 7546 4028 4185 9467 1882 8799 6644 2311
479 2727 3103 5427 7274 1815 1469 1930 2754 5156 9816 7103
480 8983 9025 3111 186 1536 6040 9091 6814 7298 7522 492 9433
481 8102 8570 8802 3133 7174 7736 2472 7446 3100 3326 6595
482 4222 4211 3061 5695 7791 5316 5433 4830 1962 4375 8579 2101 9778 881 2212 8455 7195 5173
483 579 9646 504 6324 247 7378 5291 7002 3474 3267 3104 7326
484 6910 1305 9986 553 1542 7286 6448 332 7217 3422 569 8372 9504 1705
485 1744 2944 7394 4343 6987 5255 9013 3852 4573 1652 3939
486 9453 7681 4372 9208 7608 9592 2066 5128 5230 2408 4635 861 1416
487 5499 5974 9062 7048 2348 5006 6433 9086 9065 2795 224
488 8023 2747 2024 6820 5013 6607 5064 8081 6702 8173 269 2431
489 8644 5522 5947 2271 502 7719 6991 1738 4581 8469 2380 5838 631
490 634 2998 5668 1042 9847 9711 6160 6286 4942 5540 5664 1515
491 4576 2628 428 9666 4988 447 4342 9 1229 423 6947 3397 55
492 3617 717 8714 179 450 9063 6381 3529 4601 1775 502 2864
493 897 1670 9854 6197 1794 9232 6277 6155 2850 3649 6198 9315
494 5917 4309 1936 4729 6781 137 9766 6716 6596 2242 2840
495 8498 4135 914 275 4668 3152 9556 8244 8263 9576 5187
496 9344 7366 9891 4985 768 1128 6682 5771 8559 467 4941 8673
497 5643 6053 6578 2230 4557 6747 169 9608 627 7611 6384 2779
498 45 4215 9633 4537 9040 2410 2324 9427 4744 5150 7957 1514
499 5716 9926 2183 6784 7293 5107 2785 1456 7317 2826
