100
0 935 382 1 196 5905 136 47 50 3892 14 43 16 478 267 1771 708 197 1163 789 2 36 10 0 610 120 31 15 2498 25 9 66 109 130
1 6191 5070 499 4 1 194 2614 399 16 463 3961 1663 121 7292 1632 369 9455 2442 61 22 543 2315 42 341 23 5 54 36 0 1434 183 56 797 25 26 7862
2 1502 1 7 744 79 14 74 1600 207 347 1562 312 3706 35 34 65 60 556 1737 12 260 126 474 5 8 2 54 466 1815 0 151 334 440 2264 78 15 797 8282 19
3 5286 293 445 1 63 351 1615 21 208 150 3097 2797 119 8948 1958 1333 9355 37 11 1671 128 848 6 970 1106 8 2 28 10 0 3811 15 3490 13 25 57 26 549 29
4 354 1502 114 58 1 7055 21 7895 429 99 162 2732 391 39 371 37 6629 562 3975 4025 6514 2345 3 27 5 2143 2 54 10 8 0 2297 342 15 614 18 619 9 2005
5 4 1 7 569 1365 20 302 132 172 1958 155 197 3886 1608 329 656 3304 128 66 3 3156 0 3389 15 158 73 174 444 18 2208 52 2903 29 1225 225 217 869
6 4 1 124 302 539 16 3756 3244 213 442 501 125 824 11 1357 1310 1782 12 117 2153 8952 6 5 5276 1250 228 332 0 51 2262 6382 1783 201 25 19 686 215
7 7624 2001 4 1 435 595 3021 6097 1173 62 14 16 3929 1437 161 1185 902 788 3989 229 6 3 4789 8 2 0 2058 512 15 13 3689 134 9 1202 842 346 40
8 286 436 265 7 318 196 2061 2207 131 735 14 1463 6981 118 980 722 3774 2215 67 3958 82 12 9589 438 252 3 7059 3450 216 120 2996 837 9 8076 48 1363
9 4 1 7 1170 85 6304 21 271 99 139 5641 38 719 35 6234 37 91 968 180 2700 138 12 942 6 2747 5979 8 27 2 0 68 175 45 13 59 470 542 869
10 17 962 58 4 1 5926 9356 2032 2012 358 14 472 4358 2099 708 11 1339 176 22 9375 1737 127 6 2453 3 8 5 2 130 0 94 736 18 77 29 9 5142
11 17 4 1 7 1020 399 46 3860 16 5150 540 1572 35 37 34 108 2852 1155 4223 84 6 7234 8605 2 0 45 120 2029 1645 13 15 52 55 9 29 5744 40
12 17 1502 4 1 310 33 43 4152 708 5109 9414 411 1408 247 1310 556 138 42 364 30 4597 3 154 5 8 28 54 0 51 554 26 1906 53 29 9 117
13 3275 2725 132 79 33 16 139 1637 207 5482 591 3398 8130 673 875 2603 60 458 2579 4001 23 386 1201 2 10 273 183 56 18 26 2264 48
14 24 58 21 291 3773 704 383 4281 121 1100 258 3759 65 5759 764 2169 41 1198 2126 602 5125 2153 5912 659 1023 6 30 4672 3 261 173 5 2 2433 1011 45 4023 819 25 630 5059 93 3046
15 4 7 21 79 150 221 96 301 14 16 451 356 6847 327 824 11 2444 1836 3907 137 138 70 133 6 145 2825 337 168 5 1679 2 28 83 54 0 64 78 56 5447 9 911 9556 335
16 115 196 381 2506 129 131 303 2112 398 1172 1963 170 187 35 155 9225 524 602 70 659 1811 145 822 4797 948 1762 36 517 5403 885 1050 242 367 492 578 1277 2647 5069 8241 6716 238
17 1524 1456 122 5558 144 323 1323 1590 131 1077 232 1527 188 2698 731 209 4045 2021 30 145 3 1429 532 178 9660 583 1783 9 86 110 297 4519 508 66 686 48 141
18 17 24 2227 925 50 704 14 290 400 393 1687 2651 188 520 671 166 895 910 904 945 1226 3 1135 5789 1199 135 178 113 4276 158 59 3640 3367 55 48
19 1524 17 1873 4 1 92 20 1018 3244 299 32 1132 11 2215 7049 3949 889 143 6 396 3 8 10 0 120 15 13 1072 9 117 109 141 868
20 1 7 63 132 21 422 14 157 2715 347 121 35 1393 41 2683 333 138 12 6 5406 3 1290 168 5 27 2 101 10 8 0 140 44 492 6713 174 2298 159 19 185 1481
21 142 7993 123 1 7 3181 660 3694 1279 164 4314 7245 309 38 7558 1047 4246 4247 281 155 322 1678 6082 1329 128 84 6 263 919 7161 3 101 28 1815 49 175 120 566 15 496 9
22 2859 24 1 5407 71 2348 20 148 932 211 2450 299 88 2363 541 810 11 476 72 4098 1310 70 1640 263 6 1290 23 2 0 49 5600 45 73 53 9 357 130 217
23 123 90 1 7 621 79 362 2482 213 5350 35 193 37 121 11 108 247 75 138 22 2980 6359 12 82 881 6 6138 3 27 5 2 28 0 15 470 243 57 159 9 223 3148
24 374 3048 518 90 320 124 6544 224 164 4483 531 1716 455 108 138 112 2168 6066 184 1671 1281 1066 8 1201 10 1567 3699 3362 599 554 59 8151 57 1581 19 48
25 525 17 436 530 233 4 85 20 102 47 1001 393 6813 11 728 7685 12 82 432 268 30 3 23 5 8 28 130 0 2770 175 44 492 13 3483 66 1893 40
26 1646 1978 144 124 5063 9804 751 463 1341 1443 5722 709 4034 39 32 4904 12 2591 49 135 1256 6383 68 1040 73 243 18 1852 53 4838 349 2371
27 1981 58 4 1 71 218 33 390 1854 190 231 34 1789 322 1721 5653 176 248 70 6 465 8 5 2 228 8030 324 698 13 18 29 2627 19 185 130
28 975 482 3662 4 1 6481 7 253 24 2968 20 4378 16 2555 5091 9517 7040 447 7537 37 32 5223 11 3332 2360 3989 7559 12 97 8 28 10 83 5921 165 1050 110 1883 9 19 40
29 1 20 3881 7306 3764 250 771 1532 360 4088 5627 1191 1378 22 70 3894 1653 4444 10 448 76 51 440 2955 254 15 158 4417 26 95 4895
30 2848 354 1236 3624 1337 148 537 21 226 352 1999 118 391 80 235 968 687 67 22 1263 1070 4242 23 580 154 19 2692 3076 555 68 31 2298 4175 93 40
31 2876 1 7 6815 362 226 14 38 565 161 80 455 902 41 1120 1134 711 3056 392 3 87 5 69 0 532 76 3397 368 7759 86 53 26 9
32 5124 24 4 1 413 545 429 43 14 675 74 1187 88 501 155 121 37 5681 8322 41 968 3508 646 527 573 67 3975 12 2965 521 3 87 8 0 2780 13 52 9 2978
33 382 24 7947 1 7 2614 136 129 4845 1760 739 457 1775 5539 7585 749 1345 1974 3 23 2 54 3046 522 626 368 73 15 5078 3012 130 528
34 24 1 7 1477 129 33 14 16 463 391 6604 32 200 322 2184 91 82 128 1244 6 1290 2 3869 2612 0 64 140 31 52 5538 3681
35 58 107 194 85 2516 63 1585 132 502 102 21 50 9230 4551 383 4765 552 60 1016 61 138 82 1677 918 8450 3839 8991 914 4615 7717 31 492 1074 1516 52 1363 855
36 71 63 20 3260 350 473 150 866 164 4319 1187 9246 190 1583 2795 34 1664 1420 257 137 4804 89 1032 97 8 3639 934 120 2078 797 359 86 26 5545 29 1859 3110
37 624 436 114 4 1 63 1556 3480 1156 1294 3102 11 108 75 1540 1983 968 60 176 1263 2235 12 1305 42 1292 84 30 3 27 8 69 648 83 10 28 894 13 614 25 1096 869
38 832 481 24 994 205 20 224 81 1260 715 210 999 1118 1064 2886 39 813 416 138 22 12 1291 42 30 2593 8968 3 6656 332 49 1665 18 876 3323
39 5697 4 1 7 3213 136 33 99 162 8340 190 998 1100 108 1671 22 84 6 970 2290 23 8 977 2 27 10 5921 0 51 6310 149 1296 1927 4768
40 412 733 1046 1230 20 4421 5442 5725 285 725 520 41 2442 22 1611 3849 89 749 859 30 97 87 23 5 2143 1287 28 191 1987 6001 4712 807 120 13 7064 192 57 95 52 345 5672 1350 388 357
41 98 4 1548 63 1148 50 210 43 119 6155 206 190 34 631 41 3807 498 9373 3075 3364 752 3 3156 49 554 31 342 192 29 167 48
42 4 1 20 47 5584 439 43 9599 160 11 65 964 171 7307 1137 305 1373 6 3346 40 27 5 8 2 69 404 425 0 6532 242 44 2823 2707 1033 528
43 293 8421 7 136 47 99 16 74 38 251 772 328 916 138 67 82 128 7712 126 1566 3 3601 8 10 3349 264 1228 117 48
44 115 7 85 5593 63 6228 571 982 21 50 5804 139 118 285 200 6928 7594 1666 1263 3463 1142 9531 1163 23 10 4124 15 773 201 3490 18 952 582 1481 613
45 287 2024 142 1878 46 96 14 2792 4679 5782 7633 231 7401 515 65 5794 91 105 6729 655 2388 1412 23 101 978 2 8899 1714 15 25 77 55 225
46 9031 98 142 2238 1502 4 1 9835 20 6459 79 50 271 461 1280 88 327 730 12 70 3 177 8 5 27 214 0 49 13 174 410 25 52 9 280
47 17 7 115 8806 537 778 47 210 6527 14 16 1121 3293 336 34 519 2785 5990 75 61 42 127 2176 173 27 8792 3362 3648 78 25 95 55 4471 528
48 4 92 318 63 21 81 62 226 398 2081 88 125 5977 11 3311 2319 8012 12 852 138 3 2 1344 10 0 1026 51 551 68 4879 178 5467 9 5845
49 287 1661 17 1005 7913 331 195 103 119 14 1452 155 670 72 2250 91 67 1671 229 244 128 493 84 859 97 27 8 51 13 174 111 384 57 204 794 241 3937 109
50 58 4 1 7 212 370 21 81 96 14 2412 414 400 38 3244 1527 1176 34 4303 65 11 968 663 84 1089 3 5 8 2 627 1250 404 0 529 487 110 1013 2345
51 4 1 7 1127 8132 291 33 116 88 121 5977 200 137 138 22 70 6 173 5 2949 8 2 28 10 0 977 27 6851 78 5659 6877 2266 1555 55 40
52 654 310 595 79 5299 6402 1445 5441 2818 1904 1175 170 312 7995 5851 428 2175 455 708 1651 326 6376 70 514 1291 3849 2027 292 3738 789 786 2929 1954 29 159 93 109 280
53 361 7 46 227 6223 862 1729 100 1218 213 1384 443 296 449 2138 239 1478 1627 42 941 23 959 135 825 64 51 240 73 111 110 2297 66 6156 335
54 8721 234 5522 5376 706 85 144 21 96 62 250 741 9561 193 197 2404 60 1114 6 325 4831 878 3 8 2 10 68 566 59 8058 2892 2100 869 215
55 4 1 7680 71 318 63 14 3244 2406 604 5664 269 121 1129 344 11 495 468 326 138 82 12 1137 133 6 23 8 154 2 27 0 51 554 2301 178 18 9692 2744 55 484
56 499 9539 182 4625 1069 47 781 7283 237 163 146 38 6557 121 39 520 37 4371 2184 1871 60 645 154 23 2858 69 606 2470 1747 44 31 9269
57 436 4 85 20 9993 129 7211 2458 103 162 3025 398 1061 3615 1867 1495 209 112 3013 12 244 2167 446 9064 8428 2219 1303 1843 930 111 444 167 790
58 585 24 4 1 7 2127 366 1330 79 303 6482 451 116 2702 371 644 631 1961 687 186 268 3 5 7274 2 10 36 0 1090 120 13 25 225 1141
59 194 8149 3226 81 9913 479 7987 103 139 38 3702 1119 1972 4034 189 32 1334 671 72 1358 5173 6335 42 364 419 494 126 914 1412 3580 769 64 77 26 7805 746 2732
60 253 966 2725 148 212 164 16 163 1619 1757 3484 516 4218 121 1104 34 137 749 747 1089 30 6577 23 5 1095 69 120 9559 6261 56 1607 8417 3545 110 95 26 489 77 29 19 2545 3898
61 6104 123 4 348 8891 102 3260 621 81 16 38 8165 9211 118 717 2705 37 197 3940 93 639 1857 137 61 6 465 325 1233 3 154 83 245 140 113 534 57 198 375
62 1162 4449 1000 7624 4 510 124 79 9440 33 164 43 16 567 1039 2389 3505 37 11 533 1263 3 27 557 4476 3459 106 13 960 907 697 582
63 17 8402 1183 4 7 1571 2371 1323 136 559 14 16 4828 1206 447 155 2356 409 200 1608 22 6 3 2690 2 10 0 45 8897 1055 489 52 630 55 9 19 6101
64 315 79 1958 7231 232 1940 80 6611 11 3305 730 697 1961 209 166 12 2958 498 30 5 557 3215 448 254 140 9584 3833 29 117 688 48 335 272 649 8713
65 142 330 92 855 479 62 33 548 43 1529 5482 2799 118 469 125 155 188 2645 708 11 2213 67 42 30 2388 3 4962 94 59 198 29 159 3407
66 647 1 115 7 5593 7318 3477 4679 814 865 727 409 7432 339 6206 8110 184 2854 845 6 1023 260 3292 325 177 5 135 1050 31 1902 110 353 707 215
67 92 381 148 21 169 817 378 294 423 14 1707 9768 170 1138 8278 708 369 2789 138 67 4591 30 270 277 69 2088 10 1391 606 544 923 1522 876 7056 203
68 17 330 4 3411 144 63 132 102 294 509 1445 16 680 259 899 222 5350 188 155 197 2396 533 41 5539 60 22 8733 1506 1811 887 97 3832 27 54 3981 554 487 18 1319 134 1202 5582
69 1125 3130 1455 81 439 739 5955 394 1757 452 1003 1940 160 980 6364 455 2177 108 283 687 4342 137 8270 669 8004 587 4244 56 18 2367 66
70 107 1718 1232 1784 227 50 3097 1147 1217 100 14 814 118 231 1061 202 449 338 708 72 328 12 145 513 666 10 314 68 4022 183 1539 53 1225 9 937 868
71 98 1470 946 654 3003 148 3478 226 559 38 719 4881 2654 202 2521 155 93 72 60 535 5644 892 5020 42 364 277 94 1601 619 77 53 6705 1028 8405
72 124 2014 153 271 33 99 390 14 206 161 2521 1991 4270 11 247 75 180 137 543 229 7328 6624 475 334 216 68 178 583 156 7375 117 1513
73 4030 402 58 1787 2193 1493 99 801 1221 1284 1791 4881 80 1500 32 1334 75 1495 181 2741 867 140 31 2896 289 1932 53 1858 876 2240 622 109 1936 1205
74 2848 17 2762 2281 1917 24 5346 331 953 16 9013 365 568 8136 197 1604 1408 2255 458 22 588 593 341 76 5465 262 1216 18 25 26 134 2313 375 507 109
75 17 530 319 1966 884 212 710 350 735 1187 74 146 1047 8933 3919 639 22 656 392 168 5752 2351 36 5108 2616 775 45 8691 44 7797 31 2208 384 225 185 2835 40
76 3069 975 4 104 1 1593 46 16 207 295 3992 35 4878 5607 32 1919 235 308 687 60 176 244 184 84 6 3 5 3228 563 2 1870 0 45 18 9 117 372
77 287 1456 142 90 6163 284 2942 604 219 495 631 235 6491 112 12 514 426 806 1373 179 635 83 135 464 1139 1122 78 140 56 5435 1352 7792 3153 93 3160 1514
78 380 17 2282 435 85 21 291 210 5782 719 188 5117 533 91 105 138 22 2145 70 2436 1824 5404 261 9306 249 1414 324 1063 31 18 5003
79 98 4 1 553 706 227 841 16 472 1172 1948 782 37 369 2590 6 268 3 5 1201 2 2210 36 8 0 583 59 13 3137 25 682 19
80 17 482 63 102 906 43 14 4859 11 41 968 916 112 184 128 179 2365 30 392 4920 261 27 5 69 214 178 529 5892 59 174 9759 95 26 794 542 9749
81 1503 234 5304 194 20 47 21 4596 417 172 170 258 32 520 1155 830 681 181 9862 6313 494 1459 689 5207 149 156 960 682 911 40
82 330 7852 706 1515 715 62 294 43 6769 451 1734 433 80 1848 618 67 401 766 474 64 2149 2967 610 858 9 723 508 66 246 869
83 412 1125 4273 2267 2492 24 90 4648 266 62 6407 422 210 1098 628 4995 125 39 3767 105 1823 573 42 1257 593 9814 8491 2591 19 2780 240 6532 1387 3901 106 15 1827 542
84 721 7 2566 132 621 221 7699 33 414 213 327 32 1153 311 75 72 9900 143 84 28 10 49 1359 1258 31 13 5031 15 111 25 110
85 7984 115 1718 46 62 33 1529 1356 983 8422 213 1562 397 2158 200 5225 2203 643 3602 2520 4781 645 679 28 2834 1390 68 5349 201 18 77 1516 1324 9 48
86 24 227 129 50 912 21 62 16 38 1702 4518 190 299 80 35 34 462 278 708 11 41 1983 6698 749 747 4841 145 459 230 1756 5 23 101 829 718 44 633 25 9
87 17 1054 107 58 4761 4589 6601 477 119 100 2482 2333 281 39 1333 34 725 75 235 257 166 611 138 82 8738 186 6 7234 1255 3053 27 191 3590 554 1727 307
88 98 24 3251 7 3607 182 85 63 545 21 96 131 982 250 1071 1384 295 3457 88 1103 4829 32 322 3508 209 137 699 720 12 5 28 83 2399 2977 135 45 6607 944
89 950 693 1967 58 8579 373 250 1809 299 2982 267 202 1265 376 968 9130 171 179 97 83 885 51 538 31 15 18 53 5359 456 141
90 2179 17 3814 1183 654 46 148 47 38 5818 199 9413 8911 3019 121 34 9701 41 9142 248 6934 42 1257 1066 574 4225 83 49 245 59 73 15 86 1124
91 7525 499 225 560 3684 8117 5180 172 546 170 519 93 420 2212 426 184 2934 7310 30 766 101 120 1932 1038 9546 1555 2152 842 5193 272
92 6414 647 24 58 569 71 115 595 1127 227 502 7727 5063 47 271 817 100 5091 1351 67 126 1570 1459 101 6834 1905 175 858 5359 3926
93 361 6684 233 58 3571 4497 102 1951 4319 1445 100 407 352 623 267 37 428 197 1919 72 5140 9805 1508 3573 8688 1273 147 343 158 56 3535 77 297 9 109
94 987 17 1569 946 2486 932 601 1158 3124 103 163 983 931 782 709 209 7590 244 743 127 1880 173 4157 4124 900 45 6607 2402 2707 53 9485 954 4955 2636 272
95 5101 24 90 212 224 715 100 1564 9776 802 1490 34 520 4300 2843 72 22 8156 143 126 1025 316 68 13 59 243 18 111 876 66 93 784 215
96 987 17 293 1298 1127 4819 6388 47 33 74 1572 397 2261 3542 2700 67 22 806 30 4145 10 324 2431 7033 31 254 15 2525 77 3378 8039 93
97 17 560 4 1 92 4643 399 20 21 5041 103 4142 88 298 39 37 257 1002 5 2 54 28 69 0 76 3397 7092 120 31 15 59 289 53 1295 707 9 19 357
98 2859 4 1 946 205 253 63 21 3097 1275 43 9177 2722 116 295 121 189 1267 6 1188 23 1756 3351 2 8 27 168 0 64 51 44 15 56 29 4074 19 55
99 98 17 3391 92 253 1230 1885 20 124 890 47 81 9440 119 1088 199 6385 37 11 3782 3697 2202 6 408 3597 8 2 249 10 28 2977 31 113 13 15 59 427 4360
