100
0 2169 17 12 1496 2718 1 331 9358 6 887 7085 2207 3 19 33 2 54 786 0 157 110 4171 2322 4 83 3203 34 36 9 456 21 1282 9967 1068 198
1 1368 180 61 4 12 6820 1 1571 309 70 6 136 1566 3 8 23 475 1889 10 0 760 2 6126 633 82 26 37 159 117 91 34
2 13 4 12 129 131 3 1361 8 422 2 5170 103 119 0 38 8586 28 15 3430 56 1815 1 10 37 44 200 93 3252 214 5
3 2 13 506 248 1 7 323 20 30 401 3 8 4361 1123 304 14 0 9906 38 2738 546 31 4 470 125 41 22 9 1065 130 99
4 2460 60 55 24 4 1 818 319 22 20 589 62 97 392 3 5 862 5196 3175 129 0 222 2 1377 106 15 29 11 3769 2413
5 15 4 1 7 310 4278 1756 286 97 3 362 23 8 33 2 5160 16 0 5 4552 199 1702 178 44 113 13 161 155 1648 100 409 8044 19 11 1541 1889 41
6 209 20 12 1016 61 4 82 7 6329 6 30 23 2650 55 97 3 5 27 8 33 2 14 16 0 139 124 3066 38 3244 207 120 1691 13 1 35 455 3909 4465 4081 3659
7 3977 287 17 15 12 6031 4 92 7 98 6 30 3022 1462 218 23 8 250 2 303 14 119 0 38 1189 610 13 4848 7245 1 720 127 322 11 48 74 848
8 984 105 17 20 24 4 12 1 1137 5812 2960 212 21 3 2148 23 8 2 10 0 160 3266 6 57 295 25 71 53 37 29 9 11 411
9 255 3935 293 4253 67 1 7 4259 63 84 227 2380 5063 21 5226 3 5 1397 14 425 0 51 24 1554 307 526 15 285 6549 75 25 9 11 3642
10 17 13 176 4 1 7 11 196 6 30 350 550 3 460 271 5 18 0 268 46 7400 7341 94 5725 15 837 86 245 2102 29 9 3008 2852 613
11 1442 553 1 7 37 321 351 817 210 33 103 739 414 114 202 654 34 11 1511 12 30 5 28 83 0 49 151 6005 254 9678 2759 6018 117 215
12 3006 1610 42 55 181 4 12 7 143 63 7774 6 46 2014 126 9 3 5 8 2 14 0 51 45 31 170 15 56 1 145 4514 29 707 2078 40 32
13 17 15 276 24 2579 12 7 4 20 126 3 218 14 422 2 1686 0 25 885 9677 6 1105 44 45 1402 18 77 1 152 2664 342 11 4477
14 5429 73 4 70 128 909 760 396 224 329 936 3 8 6604 2 99 14 0 30 437 175 1902 15 118 18 3768 1 134 6571 35 4752 9 8076 4474 2619 4133
15 2 9208 22 1 7 659 278 127 6 132 27 803 601 209 3 8 173 210 6226 286 14 0 38 51 120 106 15 1272 25 1506 26 9203 9 11 2745
16 105 21 4 1 3660 144 102 47 3 5 2 28 10 2112 0 199 610 565 113 14 39 34 167 688 2356 582 170 3759
17 2 20 5027 4 12 7 186 6249 454 38 3 4335 8 2844 14 0 222 1436 94 587 759 13 2333 289 1 189 4807 1816 9798 5893 258
18 51 1 7 8 301 7182 439 14 32 207 1082 393 979 879 506 421 1973 2990 22 12 6 2688 3 678 5 2 0 245 192 53 9 19 790 130 1481
19 17 15 345 4 1 236 2193 13 4063 21 96 3 23 5 250 28 0 9768 245 775 7463 8150 9134 194 88 1072 981 92 26 2266 32 55 253 344 5990 37
20 3249 495 107 4 1 115 770 1283 6 62 5127 3 662 660 5 2 14 425 0 135 64 16 2178 19 56 8 57 3100 188 34 1841 9 409 11 7820 32
21 248 2863 366 1 7 3684 8616 3692 6 124 96 3 218 27 5 33 2 28 103 74 1260 11 5728 4 2825 25 26 35 55 9 4821 0 1371 79
22 15 24 4 1 7 205 389 1563 20 96 14 2 418 442 6599 37 462 6035 541 1024 61 244 859 6 3 11 23 69 0 49 73 9 1853 130 40
23 17 15 107 4 1 7 131 1078 509 226 44 193 16 462 278 671 279 6661 112 42 30 253 3 5 69 6 0 31 13 156 57 26 8 5999 34 2
24 59 445 1 7 1142 438 13 970 1066 133 1166 3 2591 122 8 6 228 0 1746 4581 15 534 18 1932 104 1474 8585 29 644 1091 55
25 1134 2546 7685 138 12 115 266 6 1235 3 5 168 101 10 2 83 0 1048 1001 433 140 4060 8 1 26 193 37 6642 344 109 130
26 17 15 1 7 323 46 129 131 14 119 2 152 34 308 257 1257 488 3 5 20 28 10 0 637 1635 120 78 45 183 192 26 1628 908 2894
27 2477 13 12 55 112 663 60 3003 4 5275 84 6 142 4370 3 5 407 164 0 2 4148 42 8088 2665 15 443 111 327 1 473 22 9 19 48 651
28 602 3 4 12 128 20 4930 154 4597 4801 169 150 841 446 5 6 0 49 825 9872 2 242 26 8241 1 187 35 1596 223
29 17 15 22 1 7 182 196 127 6 268 793 131 3 5 358 780 10 0 309 44 4 158 442 296 36 723 1461 9 541 4211 34
30 1026 4 12 1754 5792 196 6 148 145 9471 914 3 6696 6097 51 2 10 0 1979 2967 6450 2048 170 15 2156 1 121 134 37 117 2522 8875 41
31 255 17 13 549 24 22 1 42 4 98 399 1841 179 903 37 3 5165 5 3676 2 54 0 142 172 698 971 15 1506 34 799 97 40
32 15 24 4 1 7 3458 272 63 6 2014 4858 3 3784 2882 5 2 14 0 51 3017 4241 1837 861 18 5801 39 34 7591 4618 75
33 17 13 58 2219 82 85 1257 20 7437 446 8 6 14 16 0 151 2862 2 31 523 118 289 18 25 57 39 4129 66 2624 582 75 203 990
34 20 138 4 1 7 71 42 64 6 6259 19 27 2 10 0 309 2291 472 1372 78 170 15 90 95 18 77 88 26 12 519 9 322 65 3140 32
35 646 6137 3 123 4 1 42 1959 419 9957 23 8 2 28 14 0 259 64 7718 51 24 3236 1752 7970 118 88 297 35 29 19 11 108 235
36 412 1 7 9040 21 33 1532 772 161 501 3194 134 41 5005 105 42 179 23 2 0 49 1388 51 2295 470 25 26 353 280
37 9 42 2739 7981 5882 4 70 7 184 266 84 6 6043 822 208 3 1 460 978 20 115 14 16 0 1300 295 395 348 26 100 508 225 524 72
38 6 293 138 5512 22 1 958 9 63 642 30 21 3 5 7 8 155 28 16 0 49 212 2 6064 5419 68 161 15 56 5803 77 95 1325 55 1628 1362 339 9320 229
39 632 4 1 7 21 169 99 796 546 701 118 189 322 1251 3813 7593 6 2128 3 2 0 94 13 56 204 25 26 750 9
40 3 194 1 1627 308 6 19 3044 50 766 715 173 2 559 16 9593 64 700 51 68 57 5546 54 113 161 7181 167 7481 0 528
41 287 2 1706 2683 4 1 9566 20 268 136 21 3 2458 69 83 16 0 49 5724 4859 1595 116 5038 619 10 25 53 2062
42 1460 4 1 7 205 46 21 1108 422 383 1552 478 5412 315 432 3617 42 6 588 3 5 2 36 0 9338 44 15 1694 19
43 239 58 1 596 127 150 465 30 2842 2063 4526 3 8 2 28 14 0 38 842 5209 8663 971 1228 57 2211 4320 7 11 48 214 75 9528
44 7278 61 2312 1 7 603 133 6 224 3 5 2 28 14 0 309 38 51 207 7979 120 13 269 56 1588 2625 5524 37 5681 1561 2293 4947
45 2859 194 20 21 79 477 103 313 14 327 1 11 324 2094 60 180 12 70 84 3 8 2 54 332 0 51 6094 7797 15 111 26 3828 246
46 1857 7086 573 833 4 1 183 128 331 227 102 350 47 3 218 27 5 2 83 4131 825 2020 31 15 4331 8438 892 121 338 55 9 919 0 40
47 5774 17 963 24 4 82 71 1 144 2436 212 225 136 1515 3 1073 0 160 6147 433 6913 12 3420 25 57 37 229 19 335 217
48 257 916 474 4 12 7 20 589 2424 6410 3166 13 3 5 23 8 9794 10 0 30 309 2 3708 172 15 1055 1 26 52 1104 840 9 686 753 369
49 1844 73 61 4 1 7 42 186 6 355 5144 3 8 101 2 14 82 0 8973 165 110 718 13 1671 231 6037 320 9 65 272 1329 5675
50 4 1 7600 164 352 22 267 10 425 7 11 1567 72 105 248 70 5014 3 5 2 36 332 0 68 56 77 7135 117 2091 112 113
51 788 2410 4606 159 24 4 1 7 508 966 63 6 334 4705 8783 23 33 2 28 14 0 597 288 45 9234 78 13 17 213 1989 725 1728 22 9 200 21 2420
52 24 22 1 7 1153 4 127 1023 579 21 5 62 8 2 115 10 0 135 38 6 68 78 15 25 39 34 893 344 47 3819 4415
53 369 2135 2282 230 114 4 1 161 7433 21 5 62 74 121 100 510 11 1434 20 171 22 12 6 216 3 23 2 0 334 45 13 17 18 25 3038 26 4478 19
54 17 1489 114 4 329 7 4560 20 48 4757 3013 5447 3 5 33 2 115 36 2087 0 2291 4088 54 727 243 18 77 92 3424 189 219 22 9 19 11 1867 147 308
55 60 8767 67 4 12 2337 747 20 2151 96 13 8 953 1693 0 637 208 61 1014 28 2163 15 80 18 1 35 9 66 11 937 3513 3110
56 17 4 1 7 2282 50 5 16 391 6348 8114 32 799 11 108 112 3178 179 3 23 8 2 0 2431 1913 2051 44 3796 18 52 19 109
57 2684 180 9357 67 4 1 7 2212 143 84 6 350 6438 3 5 2 2883 0 448 153 5020 1099 1389 391 82 37 29 197 456 11 41
58 9886 1427 1290 24 331 89 550 101 18 14 38 22 2986 5850 1 1378 681 806 12 4685 3 23 8 2 0 148 73 1866 4023 31 13 4104 264 55 48
59 6408 4 1 3843 39 323 225 21 8601 65 5 2 6238 1429 0 769 64 11 1011 31 22 111 125 35 725 1728 2187 9 167 93 75 203
60 4855 1 41 9 6 1070 145 3 4096 5 2 0 410 64 51 367 1953 262 95 296 18 447 3505 39 34 409 203 4844 74 582 72 1132
61 51 42 3179 1754 87 265 6 2014 574 8 1588 4152 10 16 0 2928 9262 9085 487 343 118 18 77 125 29 513 6555 283 767 5
62 363 4 1 7 205 83 359 3879 2423 3 27 277 2 10 211 100 0 259 76 356 245 45 178 6847 15 90 1027 80 7195 156 95 37 22 9 497
63 24 4 1337 7 1 89 6 268 302 50 3 210 2 14 100 0 49 46 38 360 106 553 161 1370 447 70 253 108 235
64 234 1967 24 4 1 7 8 477 43 1509 505 356 347 946 3358 72 3164 1758 30 5 2 0 76 51 502 158 18 25 9 48 2611
65 8428 7122 24 4 1 514 66 890 7287 21 3 7 54 147 6205 139 2052 45 3946 2791 59 118 742 3293 86 26 8518 9 200 0
66 233 1967 1677 1 7 17 46 129 5 33 14 107 1948 907 35 11 147 3324 1042 1959 6 5834 3 8 2 28 0 1438 13 1152 39 53 55 19
67 15 4 1 7 63 2769 21 14 119 2195 38 157 1863 1119 39 32 229 891 2132 2706 3 375 8 2 28 0 240 1843 68 1956 779 18 25 1623 29 19
68 8938 24 4 9360 715 62 14 16 163 288 61 1963 4325 10 8427 5417 247 67 3943 6 3 5 2 36 0 314 431 44 384 1906 29 9
69 142 4 1 7 128 63 6 153 224 1522 3 8 9 2 99 36 119 0 8004 3710 15 7231 94 1061 18 32 1628 1446 80 2551
70 1165 4 2961 545 50 7672 2795 365 118 2147 35 179 7473 41 248 12 1 1626 2456 2 28 10 0 31 116 410 53 55 19
71 257 98 13 105 1 715 4 20 169 3 6166 1073 906 8948 0 165 2078 170 2696 18 15 1456 768 590 147 75 41 50
72 248 724 67 2195 12 2473 755 46 136 3 8512 23 5 2 0 1353 2262 2052 251 8629 15 243 1 187 9 1428 11 2218 91
73 17 213 24 67 4 1 7 227 23 81 195 3 8 2201 5 92 2 10 0 6057 1256 69 1175 490 175 82 149 15 1484 1277 70 35 4726 9 141
74 142 3502 58 22 12 418 659 2385 13 9295 234 21 3 612 2 517 16 0 64 8365 1332 625 4 992 36 1401 1 621 275 258 19 1210 435 184 40 264
75 205 7924 1 581 143 6 23 21 3 5 27 101 2805 9607 83 0 3349 1288 356 4032 57 86 12 26 2191 66 853 507
76 17 455 45 1 128 305 6 47 3 27 5 3228 2 10 16 0 556 108 245 3279 43 129 103 39 35 22 11 48 8 34
77 2517 24 4 1 658 222 20 2378 635 21 1407 168 2 28 1071 16 0 76 2942 3603 6 8466 78 59 273 18 447 6745 22 9 19 11 217
78 2451 190 20 9742 4 1 7 6 8702 292 635 1697 8 62 5 2 1156 680 0 632 50 58 1406 719 22 1075 5566 35 4452 34 1591 9 19 7815 91 1566
79 60 1 498 8579 260 436 1459 3 87 23 5 1201 2 16 0 636 378 807 1861 206 13 4793 15 8244 682 19 11 4618 997 169
80 380 609 4680 382 3528 4 1 115 17 46 224 8 378 99 71 37 11 6 3 23 5 2 10 0 1232 109 15 57 5479 372 5797
81 248 13 24 4 1 510 42 1571 6 182 38 539 8 92 2 0 216 1053 3400 527 25 12 95 2475 3488 9 19 147 928 5731 1017
82 839 5472 9711 4 12 7 6 502 21 337 3 271 8 3536 2 14 16 0 94 1606 641 59 1 1937 1759 32 1038 9 723 37
83 511 4 1 144 8401 2098 129 50 43 519 147 91 3056 6 941 27 5 2 36 0 173 76 3689 25 503 52 9493 1582 7687
84 412 4 1 7 817 62 866 594 16 69 4659 395 2469 371 587 137 363 12 514 6130 6 1233 3 2 54 0 51 6755 106 15 18 57 9 1446 1089
85 17 286 26 4 1 7 7557 14 56 8703 4781 3 6787 1052 362 33 2 10 465 0 356 157 242 178 1687 939 95 18 720 3626 35 1363
86 98 4 1 7 218 2987 21 5 33 16 1757 1121 71 9041 500 3 11 23 2 10 0 227 2221 2301 2051 351 77 549 1896 238
87 5519 122 562 549 1 945 42 419 182 6284 5 27 8 6 304 10 0 77 31 106 15 2067 25 92 281 29 1334 1314 1062 72
88 1503 17 3 24 4 1 42 63 406 19 47 169 7777 8 5 2 100 0 672 796 68 45 6025 5778 12 26 1591 29 117 21 1583 3915
89 257 6087 112 1 7 669 4971 4 6 30 5 96 3 3137 726 3526 2 28 3354 0 2019 199 538 178 44 13 837 267 2527 156 281 11 1318 1340 75 72 79
90 238 3814 1 7 2209 76 2239 6 655 483 21 3 5 8 2 28 10 1808 0 1110 25 3223 4329 4479 15 158 6160 1071 1828 1776 155 229 11 476 8461 141
91 17 13 22 1 253 426 1804 161 46 2424 145 47 378 177 8 2 16 0 3208 44 4 1119 25 71 1927 338 9 193 100 3794 34
92 8444 585 24 4 1 7 42 364 399 20 30 21 4630 3 5 1054 8 2 14 475 0 68 73 25 71 121 50 2360 141 41 40
93 328 6137 24 187 1 4051 9 3730 1127 21 3 27 5 92 2 99 36 5361 0 597 67 6783 1027 469 714 71 561 39 278 19 513
94 105 17 402 67 4 1 55 209 161 148 645 3 8 7 5 301 2 83 0 309 51 1865 44 15 1150 1663 121 37 29 9 225 217 830
95 17 562 3 4 1 12 715 85 2496 20 43 9 3654 662 5 466 0 2 57 31 13 10 71 152 3712 32 29 65 6912 37
96 962 1367 330 8692 58 90 1 7 20 4632 3881 81 8 628 290 457 110 3661 4 267 404 1721 4914 2477 138 61 270 3 65 5 2 36 0 120 15 1375 57 26 19 21 1963 316
97 168 61 4 1 413 1478 6 212 1002 9 3 358 5 2 99 14 1992 249 411 1938 1258 31 13 960 34 658 670 0 278 519
98 6400 556 1 205 42 5748 5645 179 5 23 8 2 43 1658 0 46 1636 157 1487 175 106 13 56 17 410 26 52 9 6201 40
99 354 4 1 7 1966 5863 27 3881 21 5 5197 1320 303 14 116 37 7497 75 41 6 2478 1530 97 3 168 8 2 0 3618 599 15 2498 1209 29 9 117 238 933
