500
0 9075 9224 2555 8428 2236 5195 883 4765 2548 2479 9993 240 7522 6953 4855 2719 9510
1 516 5614 719 6027 9852 731 6387 3883 8248 6350 6895 7153 1882 8150 8987 5661 1457 3456 2985 376
2 3484 138 920 7072 8092 1639 6158 4393 9184 8943 155 3723 2760
3 5085 7986 7197 4326 2768 761 6681 3023 752 537 2354 7754 6783 3670 6579
4 2694 6126 9863 4987 1879 3591 2239 6467 6535 6201 6903 5748 4216
5 4133 3243 582 4326 7474 1799 5666 5445 4076 3664 9649 9597 4151 5143 8105 1897 6101 676 917 2180
6 9465 5427 9733 7486 3419 3991 961 7279 1125 8156 7937 4176 2688
7 5442 1991 5766 9211 3106 3982 945 5520 4594 4957 270 2276 5412 5517 6364 105
8 844 9856 2126 8399 528 7953 1984 5523 9839 9056 5103 4346
9 5363 3056 4840 805 4585 6525 7709 5244 9093 2130 6030 2089
10 7495 2494 9007 9848 7968 1027 5112 8481 5663 8645 1064 850 2584
11 4821 8872 2083 7759 3562 5714 4984 4444 9365 9583 3758 5127 6188
12 7553 2340 2992 5522 7701 4099 9445 3030 1598 71 7865 7425 2676 3877
13 1613 199 2631 8216 5550 5046 5177 4645 1600 2028 7090 8735 9349
14 3103 6170 5548 6882 7629 1571 4312 7784 7233 4027 724 9532 5178 523 3333 8861
15 8420 7841 3238 2634 4367 4915 4478 9146 8470 711 3294 3981 8062 4778 9362
16 148 2340 970 354 6227 608 9930 7688 214 7152 5826 9862 1189 4671 7318 4341
17 4046 5644 4664 1533 8352 1336 6134 3926 7058 1017 7003 164 1233 4253 5905
18 3005 4754 1376 4357 6404 4240 9653 2114 1976 3612 4838 3244 2573
19 8029 9224 454 9791 3054 6253 5679 1765 1405 7219 5483 847 2044 6549 9313 2191 1695 4761
20 320 6547 9716 2648 7921 2770 5567 8579 296 2191 3821 8038 9304
21 4939 6054 4402 2575 901 4105 5611 7415 8722 108 6572 3830 6873 3812 3977
22 8749 6492 9348 3156 7569 7818 5182 7543 8586 3663 6127 6176
23 1176 3377 458 1386 3764 8432 7042 8562 6043 7736 3789 649 2495 765
24 5783 2701 3031 9666 6818 39 7133 1253 1628 882 6353 360 760 291 8017 3706 9374
25 6021 1827 9059 1992 1149 936 3463 8134 6745 3299 5680 205 728
26 1270 7846 2024 3792 3834 3096 1956 3849 1901 4872 7765
27 8531 7475 4884 3363 3404 214 1982 2109 7448 7229 3126 2396 559 1429 9593
28 964 6935 3968 7694 6736 1577 7589 9163 9299 4511 5856 1222 9511
29 8767 8678 2834 5977 3616 644 2211 4968 925 3615 9409
30 9683 4252 3371 1574 6452 9404 5825 2938 9247 6092 2741 84 6196 3121 4103 4855 1006 4994
31 2691 1795 5210 5508 304 3702 6879 9609 3869 4391 9268
32 4417 6492 3442 297 9159 1888 2545 4195 1649 4332 7967
33 1477 1394 6544 6691 1047 9677 3020 2922 918 6192 1556 2953
34 5662 5809 6654 5043 3836 1574 8461 1379 8138 6503 7643 568 8307 9031 3037 9008
35 6454 6020 8841 2920 491 8329 8343 7864 3383 6739 5667 7713 4080 499 5941 915 1804
36 6946 1476 1176 6836 7281 7363 8075 9423 2639 6763 6758 6178 9659 7443 4077 6056 9440 552
37 6740 7104 5456 9156 2115 2583 7746 5624 4325 3087 3414 8105
38 6546 7938 3240 5815 3016 8810 9607 1451 8257 8618 8664 1302 154 5402 2651
39 136 9636 4521 5847 3017 9664 9796 5075 4390
40 7962 4804 6823 6951 2613 2464 5711 9803 5069 3536 7364 1789 2962 5920
41 4319 6014 8491 4928 5611 2082 8781 5858 9895 1534 6395 9405
42 6183 3628 1905 2628 1414 166 8588 8351 1647 3544
43 4675 5163 1620 2946 6640 4181 1627 2771 2000 6978 8406 7063 2281 8331 8163
44 3103 4222 703 8766 3540 4805 5634 6134 1912 5176 3656 1229 2437 5652 2549 8350 5779
45 6444 6903 3672 1881 4394 1937 7682 7134 2981 5649 7755
46 8032 8600 3195 9710 4209 3829 7625 3793 9347 5801 2986 6003 3807
47 6869 3429 2630 4580 1494 6342 5672 3999 4308 2203 62 8994 3012 8090 4128
48 8221 5898 6381 7424 4901 7718 6507 476 9568 9312 9299 7885 7187 6713 9798
49 5917 9905 9691 199 9392 9397 3873 9732 1822 8682 1216 5295 3097 1611 3928 3748
50 2498 6336 3117 5788 3368 3815 9418 6141 1407 1227 6616 9189 8566 6167
51 2292 642 1325 2426 1299 5078 8330 6501 7880 1195 3895 8833 2730 8903 5140
52 2433 42 3249 3691 9079 9655 4632 9255 2539 5194 3506 6379 1524 2670 7675
53 7254 5923 935 4301 4750 6858 4351 1674 3796 2389 8459
54 2950 2494 9068 4985 1718 3774 3759 6572 575 6482
55 310 2816 4759 5251 4386 8498 1668 9466 1867 5307 5554 2412 9386 517 5507 1282 9818
56 30 3353 2533 8568 1708 5345 4542 4659 5152 9757 1496 5676 8303 7992 3871 2962 613
57 6029 4524 9643 6545 2882 9759 9776 6482 6988 4888 9885 6067 2757 2736 3101 1452 1066 3797 1363
58 1328 9367 4735 4991 7910 7439 8971 1123 7125 8223 4363 244 6672 6135
59 2422 4010 5396 1108 4431 5242 2441 9533 3043 573 972 7327 8523
60 9761 2340 8980 2488 4781 7912 5322 8888 9111 7597 9342 6275 1058 8060 7355 4822 1686 7121
61 4388 4457 2818 6232 6360 740 3013 913 8637 3539 1834 9364 7413 9351 7925
62 3471 3892 308 3982 448 8947 9566 9845 6961 6048 1528 7924 5326 2462
63 5565 3002 8763 2544 5986 3168 6285 1652 6730 1695 8718 2162
64 3281 8796 7610 578 450 8890 514 1866 5932 4324 5612 7566
65 5840 1509 4288 6002 4924 3992 8167 337 4883 8173
66 8275 3894 1352 6018 3762 3887 1676 1311 8344 6259 7329 544 8068 8067 7105
67 9726 5135 6538 2590 7941 2454 6741 8231 4230 5027 1979 2555 4512 5805
68 3426 200 6404 5073 6733 161 618 3543 1978 2967 7245 6997
69 9712 2830 1349 5494 2822 8789 2847 4079 7880 2859 653 5859 5787 8828 7240 6327 3923 4728
70 4893 6640 648 2357 4955 2683 5384 277 4685 3051 6116 5546 4513
71 5578 7285 3464 5437 7699 1984 9389 2963 6357 8776 2485 9352 8419 9407 4148 550 9087 5533
72 7649 1980 6520 3747 4765 7294 9209 5226 5583 6443 3295
73 5789 1285 8984 1299 7949 5626 5887 9014 3963 1260 4118 814 3510 2555 8363 5155 5804
74 8805 4255 4322 4135 7188 8228 6013 6938 3146 1928 382
75 8595 2783 7247 6537 4412 9743 6241 6506 1004 7296 5571 8306 3707 4540
76 1621 6784 4318 8431 5414 4965 9199 6191 8924 8768 3780 2951 9032
77 2727 4999 3371 4068 9270 4007 4477 3247 6831 4247 6057 4961
78 7391 3041 5754 4326 2703 2225 6213 5515 6076 5757 9545 6652
79 8023 3298 3689 6060 8140 3936 8916 5801 8476 1220 8162 2101 6229 6062 4178 9266 1149
80 871 2192 2681 6804 2703 2685 3264 593 5886 4533 9669 2740
81 8614 9147 7351 3173 6369 7221 7567 7747 571 3588 9412 8195 6673 9924 6538 6871 8814 9898 7526 5230
82 316 190 302 8624 1458 5860 6826 996 1809 8383
83 8507 3650 2690 3021 3792 9569 6639 9700 7276 207 7413 4018 5915 338 5025
84 3636 7477 831 8918 952 8005 265 8707 9834 8313 8527 3816 8604
85 7321 8913 6133 2508 8698 9317 8972 5298 1721 89 1236 7075
86 8293 4525 1923 2087 9787 9453 1764 7558 8212 5925 851 3006 4624 8952 1553 3309 5717
87 6524 8260 8897 7672 1000 8462 1105 8467 7228 2699 1107 1889 6456 9404
88 9131 9667 3980 1678 5537 8753 6955 7721 66 3888 7043 6537
89 6621 5996 2240 6115 4739 2530 2707 8113 6423 6055 3015 9093 1218 9587 1524 3504 250 5146 7888 6608
90 3153 1280 2326 7852 809 4475 6757 1458 541 756 5705 9060 6198 6635
91 3260 6744 7445 1734 7036 4901 3781 3692 4708 788 5743 9533 9513 1416
92 5431 8033 4437 429 4704 7167 4995 1296 6774 1243 8135 6722 6000 8832 7233
93 3270 6232 5386 2291 4635 441 5835 9133 1850 9047 9834 1125 655 9013 8125 8295 3791
94 8159 5293 9215 3432 7861 6222 9640 1358 8999 3127 5060 60 8792 9459 7548
95 1663 6404 2585 3855 8004 425 9083 2897 6672 8647 7926 2695 468 3666
96 2752 3468 2815 8514 1646 9425 8977 7256 8761 2546 8935 5529 183 4583 8921 3069
97 659 2983 5469 9288 4780 2099 7235 6692 1715 4423 691 4284 6624 9545
98 3867 3297 5248 1914 9657 6948 2138 7153 6555 7454 7523 376 6147
99 8900 3683 6325 4181 1264 8933 2404 6812 8898 6606 7919 4808 9576 7373 673 3965 6355
100 7491 1557 3808 3969 6119 7412 3661 8268 5566 6891 5583 4823 2563 3169 5797 3389
101 8597 9693 9871 7762 1793 2070 1665 4995 7510 6332 3288 7517 8580 6089 1868 1750 7909
102 8392 9549 9488 4108 9595 7881 8610 1800 7953 6160 238 7544 8711 6180
103 7693 7193 7680 4378 7747 1773 7965 780 5389 9811 7972 8408 3267 3812 9997 5393 7506
104 8650 6780 8779 7652 7956 3594 8008 2643 2406 2143 5552 2100 2206 6637
105 5391 8583 1668 1327 1146 4880 2 8280 3722 5407 4158 8460 2555 706 9428 5962
106 8208 2532 3319 3182 9244 6590 6748 496 2877 3398 2203 696 2121 6351 3334
107 4199 9731 5043 854 3587 9565 1343 5359 1513 6857 9419 9161 1455 9138 8246
108 8367 8815 8498 5437 9413 1777 9295 5347 956 3119 9477 5086 8140 6296 2100 6022 8747
109 4124 9273 7530 3885 9851 1331 3608 4066 2385 1745 4254
110 9311 8910 5720 9767 3964 9380 1766 3039 7968 950 9303 3128 8721 8896 6264
111 7270 4013 5125 5839 5537 3943 2128 5581 3114 5569 9422 858 739
112 7586 200 4774 9007 647 7648 2536 8431 6712 7573 3525 7603 5339 6961 3946 2798 4848
113 1011 7372 9400 616 1421 9101 6534 3902 2399 5860 6017 3549
114 2430 7993 5989 2483 4340 9887 640 5773 5000 7022 5175 8800 6846 5084
115 9457 8964 6054 6189 6125 8308 416 7954 4354 5707 4015 7413 8850 6676
116 6631 4265 1774 1979 1479 9573 8617 3287 157 5182 1510 1070 6914 7877 1626
117 1945 2008 7679 2641 3870 9654 1735 7963 291 8211 3012 2298 2796
118 105 3351 2463 7116 1717 1304 9241 169 6924 7153 3649 9673 2542
119 5036 9470 96 7624 3542 3961 5340 3824 5312 9191 9929 6964
120 4907 1401 1942 8644 7285 3715 9040 7870 2623 7893 5555 1847 6908 1682 7713 8627 1125 5280 5584 6496
121 7353 8336 7883 2848 3655 3700 79 7540 2128 6881 4377 6114 9459 7173 3286
122 2904 949 6837 2275 3768 8193 4539 7414 1790 9265 8328 5836 2037 1762 8196 1136
123 6743 1430 4560 2140 574 5375 8625 1719 4296 2923 1454 4136 7076
124 674 1055 6720 530 3310 8241 9764 7038 1134 7788 8387 5016 932
125 3371 6273 6480 7525 7833 7021 5808 4289 7240 325 2788 3611 3848
126 7112 3739 4531 6770 4291 8822 1629 6258 8348 624 8357 2030 5110
127 7790 263 3933 6186 381 9609 8620 8198 6249 9580 9617
128 3246 8642 2737 9017 5337 6504 5156 4160 3434 9701 210 1562
129 3746 8528 5749 5220 5070 2577 2582 8672 5930 3285 6167
130 3042 2576 9478 7249 286 3388 4797 6041 4541 6010 1537 8690 2864 4728
131 2650 2269 6547 8602 2458 4721 8040 1485 7792 238 5412 4620 221 1987 5209 5247 1443
132 4917 5573 4466 3962 420 4590 6509 6856 6136 1837
133 6547 6747 2293 8518 8476 2214 6746 827 7845 3693 3673 6790 2145 6718
134 7120 2500 9690 5871 4039 5816 2077 8806 6263 7779 4716 3563 1256
135 8738 9921 5962 4909 8225 2586 5244 1105 7699 1763 3050 8298 2202 8965 5660 2278 4855 2858 7194 1272
136 4803 7561 3908 4830 3392 23 540 6415 8566 7758 4559 8538 6100
137 8704 7194 1121 4567 1417 5939 3361 938 9114 7343 9964
138 5848 7086 8102 1226 4396 3028 6082 6223 4553 7406 6434 2825 2229 4641 2232
139 200 4996 1356 4172 4987 6563 847 7997 9956 4279 5902 443 4182
140 9169 364 7849 6708 1359 1785 8684 6375 137 389 4569 7880 4807 6470
141 188 5245 8594 9546 745 2401 9199 7114 9366 423 4380 2364
142 8010 5032 8744 9752 7542 213 5628 139 3508 5412 1623 8512 2313
143 3194 8111 475 5425 7400 7562 5322 7740 8758 2081 6290 6670 5187
144 3660 16 5429 136 8989 357 9148 4091 6065 8188 3412 7218 7240 638 5340
145 9458 3716 7560 9988 1903 587 3704 8279 1276 4775 2121 1191 1048
146 5462 566 7629 9171 3944 5880 2054 6224 5741 8464 4791 2512 201 1602
147 7164 2909 9283 46 4194 2275 9292 2501 5950 8059 9194 9192 8361 7237
148 9169 6990 4629 3374 8635 9068 6049 6875 1733 8188 6042 3267 7606 9015 9763 3397
149 1289 29 6299 341 5301 3914 6656 5490 79 9329 7290 1633 5862 8174 9837 7652 8453 5424
150 6488 4123 4837 4878 9139 8431 6565 1640 5607 2258 7383 2188 8854 2346 4841
151 1362 1737 632 7206 3048 5341 5202 5232 2258 4395 2125 7903 1429
152 5946 4490 6316 6137 9231 4914 3181 85 1034 1455
153 8675 3602 8948 6691 4051 6034 9842 140 9785 4823 2194 3642 9327 6309
154 2843 2727 9558 647 8278 6433 8193 6704 7807 2437 2569 230
155 9789 773 5277 4423 874 5302 4304 5415 7034 2369 8887 2427 3378 6478
156 345 4752 49 5521 1424 2351 7239 5360 5206 9448 4274 569 2417 2085
157 7163 9755 1045 9900 1032 1432 3293 1538 2152 3074 2395 2175 6028 9897
158 6793 3064 447 7427 9451 3776 6258 4809 4175 7578 5643 2059 8966 1547
159 1175 5848 4490 8931 4189 5880 3787 259 2956 2120 7289 4565 1450 9671 5023 1908
160 592 6974 9147 5881 9774 6607 4304 7026 3303
161 7786 7345 4370 774 9006 8899 7258 4657 7581 6385 1163
162 2353 8069 5434 5119 7223 449 8973 4166 7214 4483 7482
163 7734 1942 4306 5426 111 9129 3311 52 301 9999 6258 4224 7055 765
164 7305 4227 6515 1246 5342 6993 7659 4234 998 9573 77 2915 4651 1021
165 6636 8993 2470 3902 2472 2285 1114 4183 5430
166 4345 4586 8937 625 366 2602 4434 8264 2385 1145 2224 9395 3362 2175
167 3496 5158 9926 311 5683 741 8264 3879 6478 7642 6063
168 8302 3502 8510 2434 2583 1532 723 2465 1109 4906 3376 3241
169 9676 211 1117 670 3392 2061 5156 5942 1276 1606 3499 3209 8683 9934
170 9158 9777 6390 7263 8255 982 2079 3536 7155 4352 4131
171 6546 1899 6697 2426 7947 7171 5654 1761 5543 2111 4462 1185
172 2074 2607 9696 3061 490 3018 6653 4647 1354 3111 2560 6141 3596 77 2934 963
173 538 6625 863 1298 9387 5765 429 4258 9450 4356 7690 1917
174 7438 3364 8452 3053 437 5574 8748 7174 3404 8097 5900 5307 8429 8934 3438 887 3877
175 7761 1071 2996 1883 369 7630 1361 9816 1865 4020 6909 535 2925 9948 8949
176 4923 8407 7004 8574 208 6044 8671 5307 13 9828 7216 6599 3721 5230 9321 352 2622 3653 6351 3320
177 9344 9571 7429 9085 5582 7053 116 4364 822 8898 5786 8851 5258 176 9128
178 3462 9224 5873 8486 2302 7940 5636 6692 3048 4859 9990 1035 3918 2103 9259 5371
179 3095 4463 7791 6134 9988 2256 3104 9867 6771 2986 9330 6044 5468 9920 786 6615 1938 280 8305 5331 5589
180 8213 7816 5465 8450 7870 8462 8807 3382 8332 663 7559 9041 361
181 4463 6573 7630 82 9930 3454 594 7062 2006 4380 5715 165 4761
182 9328 7120 1548 6575 1650 255 7174 5005 2698 4382 6627 8125 5200 1313
183 2880 1607 9595 2857 5744 8021 5781 174 8072 5012 6315 9615
184 6514 3413 7981 3234 9239 9574 8703 4638 9808 7320 5416 518
185 3885 4041 339 6341 9450 3469 5379 4180 7279 5064 3605 2640
186 710 6035 3622 1615 9552 9681 1948 4942 9134 8436
187 683 7811 831 9229 1767 9738 8699 2121 7190 5622 2779
188 1106 764 8245 4435 5474 7185 8011 6646 9543 9029 1310 7602 7122
189 870 6943 1963 6381 3460 3742 4797 5307 9762 685 707 2892 8911 4229 9770
190 7889 5144 2997 3613 4572 2645 2288 7153 182 1364 5869 7023 5486 147 3877
191 1318 8644 9482 4485 2669 5722 151 1825 5601 1534 4501
192 4083 780 5509 8520 2055 193 9554 2308 293 7261 946 4352 8577
193 2845 9094 6231 6321 7789 7137 3324 9592 5957 3395 8543 3785
194 7135 2437 1171 9291 5606 5603 350 1657 2337 1495 7177 6366
195 2939 5353 433 1698 9270 2231 1871 4445 1611 4310 395 9722 1534 7775 8080
196 5580 6967 3505 3481 8288 243 3356 4206 9121 2296 9060 9800 7489 8186
197 5993 5285 8491 3252 1428 3387 9437 1834 8960 5710 5941
198 9244 4060 3558 3467 1345 3370 6389 2834 6646 8786 6716 6244 4958 58 955 3376 3303
199 8375 6349 9094 2177 2628 3149 2418 7465 3184 812 7997 1997 1956 4035 925 2190 4626 638 6037 662
200 287 7453 3857 4909 8078 2687 9935 8942 7741 3884
201 8275 1731 8014 4696 8384 9301 6437 2365 8130 7459 2392 7218 9706 9204 4769 3836
202 6214 6625 9215 2318 8605 6905 5100 3602 6925 5706 6709 8036 7738 7899 1212 3461 8043 6672
203 3005 5855 7160 1531 7320 3338 4419 7144 8982 1153 5141 2300 4086 2972 4808 7210
204 2117 7130 8817 9848 1881 7380 6302 368 6476 6698 2003 7493
205 4896 3409 7943 5726 8471 1075 3147 2272 5534 7853 2837 5234 9899 5810 4399
206 9167 10 2407 6175 4257 70 2657 2176 3132 3111 620 7304 864 1723 2745
207 4788 8206 3297 5677 2405 4740 6428 0 9080 8153 1840 8793 7131
208 3710 4495 1541 867 6765 3275 9965 6896 1774 9874 6426 9995 260 8579 4641 8370 9539
209 8710 8810 4424 9011 9608 2381 8105 5204 6292 1444 5229 1317
210 254 4538 172 5044 3529 5729 219 1178 747 1819 9086 6694
211 2155 237 8986 367 173 8240 5701 8143 7268 6584 9626
212 2506 9168 9960 4734 2368 1200 3119 1549 8512 1534 7122
213 3841 2844 3084 1357 9331 1813 2398 7274 2711 6534 233 4985 7252 1387 6809 183 135
214 2342 1989 1252 7147 2124 6311 2217 4684 2672 7213 340 5592 5914 4352 915
215 9522 4214 616 4121 7949 2129 4045 1930 6282 4974 311 8999 6606 6457 336 1695
216 7346 401 9666 2519 1757 9483 7715 3386 9579 3830 7490 2661 1691 4998
217 9882 8084 9348 4892 4786 107 5049 877 9004 8106 4665 2107
218 1977 9261 8119 1805 8797 5344 3543 9828 238 8131 506 8827 4937 7001 6971
219 3494 331 3490 477 8220 3373 412 2769 5912 8858 3078 4787 6598 4784 7507
220 8293 2518 794 6039 7404 4558 3840 580 5665 7029 687 2556 2169 5075 8074
221 2453 8681 720 4023 8462 9292 981 5401 4596 2178 5359 7685 8891 142
222 1622 9959 5189 1398 463 1299 7709 2058 5400 8447 8544 1854 3819 9499 9376 4801 4097
223 8954 9864 2709 1386 4869 8241 3312 2837 5351 6327 716 3580
224 1380 8404 1353 2068 2871 2 146 3256 3728 7155 5478 7503 2913 5492
225 2240 6021 7149 3099 6378 5029 3502 924 9688 3340 205 1335 9044 1614 3905 4035 352 6880 7991 6827
226 3351 9622 2673 8117 262 247 2794 7730 8388 479 9106 7338
227 9392 1878 9273 5181 2249 725 2327 8649 1077 4936 9650 1293 4795 1201 1964
228 4031 6527 8740 9413 2197 7389 8193 2945 1375 8332 6467 843 6840 374 182
229 6439 5382 3643 1639 7537 8431 6706 9650 4508 2234
230 7195 6547 491 9088 9436 2635 3422 6368 621 419 6257
231 1920 4036 9903 5011 2538 9199 7013 4005 3645 5842 7970 5161 8295 8962 4983
232 5630 720 3001 7605 8717 5217 8358 352 498 9781 7398
233 1929 3242 5776 877 1165 8243 9139 1861 5017 8405 4203 3981 4293
234 3217 2227 7314 5322 979 679 798 2413 2649 6260 2286 5485 7503 8915
235 5864 1379 9502 7999 7058 6826 2959 3936 3753
236 4199 4599 6316 7470 4159 2076 3006 2212 6616 2486 9707 605 1890
237 5738 9823 3715 7546 1749 6928 7883 820 9993 6461 88 7736 9057 8244 1438
238 4409 8385 86 1793 8 6300 9848 3529 7725 9280 2336 3330
239 1972 3232 9686 8600 6021 8619 8224 9667 776 6667 7615 7065 4668 3608 9027 9858 9398 4636
240 7481 3211 7556 8160 7069 5621 5734 6613 4091 3543 27 8844 6078 3122 532 8718 3230
241 1139 3094 8227 447 1893 1205 4111 9865 2706 8276 4828 139 5446 9954 9360
242 9958 5619 4908 2184 3524 4765 8444 6335 3350 9380 7181
243 3193 7916 9132 4302 7117 3035 3150 2233 9244 5458 4381 3416 7880 2182 9435 6548
244 7974 5966 4199 3846 1710 7681 5450 9295 2927 5829 8663 7770 2148 8390 8443 7087
245 9767 323 2297 8996 9694 3954 3830 8981 7655
246 1731 5426 7628 7669 4426 1562 4720 4746 1046 8621 5481 9939 9843
247 5651 9889 2393 3535 6531 8995 3600 1448 9444 9160 4264 8596 1908 1515
248 3724 8734 650 1586 9299 9471 8501 7918 44 8957 3118 6516 4714
249 8653 5738 8940 6522 6011 7726 418 3747 412 6087 2504 9252
250 6985 893 8274 4038 5302 1788 9203 8620 2790 9190
251 6663 4988 7709 6082 8812 1181 6507 9818 4899 8358 6176 9474 7598 510 5419 8554
252 9527 6690 1164 5085 2475 3843 6737 9991 2919 259 4353 4568 8674 5952
253 7028 220 4743 3982 2550 5422 8484 2704 1123 4856 4327 4366 1716 6030
254 8185 2655 6786 969 3770 6318 1807 1637 4539 6832 1265 2379
255 8774 6810 5495 3148 3423 1150 133 9242 312 7585 1706
256 4260 6601 7 5126 2574 5831 3336 2504 1435 6101 6937 7698 976 226
257 5832 6447 3086 9487 6721 733 4456 1063 3174 4591 4064 7009 4470 8673
258 5532 3838 2248 4486 2345 4720 7817 2611 2014 9503 7517 7186 7006 321
259 2289 3867 7705 1636 6096 1197 1248 3978 2032
260 9703 6517 3973 5961 102 1267 1670 7111 8526 6286 3089 2147 4649 5209
261 7591 4334 2547 7864 8109 329 5405 7322 8708 7763 1080 5090 7318 2005
262 5686 1625 5117 9467 5266 8261 9391 3835 9833 134 2773 4448 9189 3214
263 1275 6301 8609 6307 7350 5995 7744 8158 7836 1519 1657 7302 4593
264 3681 4908 2314 1824 4612 1740 5166 7967 4948 7935 1052 513 6848
265 400 8376 8513 2903 4331 5476 6370 8134 9898 7948 2417 7195 3806
266 538 2155 7251 2829 5690 9230 9019 8716 6424 4693 3934 686 9744 759 3784 4661 5179 8157
267 8954 7797 9963 5287 3625 9605 5185 1348 754 8408 8337 838 8904
268 1664 8522 8864 4134 4985 8172 1007 2329 8016 8626 8389
269 9590 3401 9923 5865 4057 3081 7519 6412 5519 4251 1771 3291
270 5783 7772 5917 7975 2183 3038 6049 3667 4286 5296 2119 2186 6584 6260 5105 3486 1040 4998
271 8741 4887 7078 8495 9930 2157 7459 3609 153 3415 6008 4510 2028 5956 675
272 7752 8018 6538 9170 6534 7073 116 5392 4137 9711 3023 7697 3541 7660
273 8118 24 7293 7984 2061 6934 3158 588 9844 7231 9073 4814
274 4187 8712 3140 2777 5795 9265 8768 5218 3786 6562 9702
275 3606 8958 1636 9705 2082 5561 884 3332 191 1391
276 4552 2977 7360 5040 3070 4055 1209 2019 4940 332 276 7518 3785
277 7353 5850 3377 3885 4909 912 7902 2596 6992 4523 1902 2856 833 7627 4029 8387 1259 7806 930
278 2930 997 6036 766 219 4579 5272 4832 5008 6703
279 7607 385 5442 3548 6187 3758 8413 9003 6917 5064 2878 8862 5998 8101 3394
280 148 8940 1072 6569 6863 2461 3736 4710 3703 1784 3802 6550 6261 379 529 4712 2885
281 9959 2419 9102 6600 4597 2754 4819 626 9557 590 5408 3707
282 488 9804 7910 9600 9887 9378 2630 3735 8085 7547 4033 6376 9219 8054 5867 155 5038 6556
283 3344 2235 3125 7864 4328 7885 5024 7298 8263 4429 7123 97
284 5697 6888 6401 3825 9263 1580 8301 4298 2873 502 2372 3365 1877
285 7545 2492 4546 571 9063 4124 4484 4912 4806 1571 8671 7796 6851 8196 76
286 3959 1044 3907 2435 979 7769 1024 6236 4142 8762 2640 3610 1752 3981
287 8742 4829 6102 7762 7438 2696 3189 427 4985 79 4532 1242 4014 2279 4527 1238 2850 210 3251
288 5211 1996 7513 5208 7467 4824 6123 736 3776 3599 9350 3853 2499 1673 868
289 6420 4362 8187 709 6507 3805 2803 4416 4851 6362 8099 7371
290 5595 6465 1303 4189 3827 4116 5007 9305 7997 3947 5637 4223 3538 5752
291 1517 8630 8819 2429 5219 1576 2199 366 7296 9076 2900 5702 2001 6715
292 6146 852 1925 7785 1617 562 6052 4966 6827 5728 9443
293 6666 115 4577 9430 8720 1677 6712 9210 9793 4020 3714 9899 2764 8445
294 9224 2680 1394 505 6024 1091 8975 5172 273 1943 7939 539 7308 93 6635
295 6680 37 8475 2488 4910 9524 2029 8451 5559 6267 2219 4787
296 9529 3390 7484 6005 7133 5737 2622 3745 3418 7923
297 7248 5983 7591 2562 1423 5696 8175 3032 9968 1732 2307 288
298 9354 3253 7120 8895 3892 5367 4422 6205 8267 7222 5472 2335
299 2948 9720 6948 216 5151 2668 1567 2284 5077 6936 5907
300 9216 7782 7078 8204 5235 9808 1456 3152 1081 282 9308 1940 1956 9409 3983
301 7154 701 4981 5582 5219 5418 1150 4201 1134 1309 2976 575 7377 5618
302 1202 2340 1934 6558 65 6265 7420 3304 1855 8303 5838 5447 1702
303 6778 1632 8728 3557 7737 1078 7641 4528 735 6511 8470 750 6221 6340 5146 5155
304 1350 8849 5553 611 4150 7883 2457 5240 1134 7908 8798 2169 4778
305 3648 5610 5525 5044 8134 6428 5013 7653 6597 4311 5493 7253 6429 7617 7476
306 7295 3479 7348 5474 8548 8549 6952 2870 7357 5660 333 8338
307 8006 4531 8756 5428 957 8781 9129 6494 6327 2022 7946 6586 7505
308 3153 8701 7426 8098 1372 5991 951 8487 5122 1984 1962 7919 3210 9588 6540 3229 4421
309 9637 6181 8841 9955 6170 4225 6545 2015 2722 239 4867 1985 7804
310 1239 720 9675 5256 8287 2213 4646 5557 2215 6491
311 7723 5691 6626 9989 3908 2662 8269 3074 7840 2380 2521
312 5748 5553 1935 9028 8134 6312 1410 5563 8056 3154 6154 7329 8387 4280 8976 6705
313 3894 699 6537 6320 1694 5389 4827 8212 3163 6808 6402 6762 399 3077 6379 9831 3172 7044 8830 4550
314 4897 6044 9431 6876 175 1297 6279 772 9920 7942 7575 5127
315 3207 457 4561 4933 20 8517 9842 2118 2428 7220 3940 6422
316 7577 7037 5602 6919 1082 4320 5261 9065 4500 697 7774 4972 2439
317 8041 5885 9074 6020 9941 953 7676 2327 3682 7169 727 7469 732
318 2460 1540 7694 8227 8258 436 4107 574 8130 7712 337 5871 6221 3836 4873 5779
319 5327 3427 9453 9316 6560 4703 3358 132 6628 7732 583 6594 8632 1336 9526
320 266 5522 6693 9156 1799 2243 2785 702 4213 4314 3794
321 3493 7461 6337 6588 656 9713 7859 5290 6717 4997 7232 91 4949 935
322 2835 1893 8290 5502 2751 705 6817 4953 753 6461 9276 2146 5992 7463 984 1157 6920
323 5433 8061 5159 1637 4328 4688 9420 9521 7362 8458
324 9485 7048 6334 9668 6072 4812 7265 3610 8426 6468 9050 2609
325 3973 6066 7692 3144 2776 9181 1198 4901 9725 2386 5587 6797 1950
326 2902 6542 9986 267 1851 2666 4237 4344 2509 2469 196 3604
327 3900 6778 1916 7116 7409 322 6692 6132 8521 2221 4270 8169 1979 8732
328 3841 9478 5348 8841 8711 4970 8368 3188 751 1383 2370 2425 554 1603 1420
329 5958 2240 8457 578 949 8311 9255 2343 9968 9505 4147 8925 5310 5053 9282 7732 3864 9370 5715
330 1328 9023 8297 6149 8587 4871 9018 734 4132 4958 2033 2567 3125 8416
331 4530 8406 8508 8994 1595 2615 4159 7709 6270 1742 7020 390 2006 4604 6698 5246 9302
332 144 8498 2805 1906 4089 5109 8914 9946 5828 1439 5857 8387 7155 9137
333 8356 3688 4211 8352 5562 5390 4755 6337 1345 5997 1403 6651 7179 6019
334 2402 7933 5509 7393 8088 5568 3677 1689 9496 271 7412 6584
335 1909 895 3697 1565 6459 8869 7638 8689 8994 3014 7040 6982
336 3753 9075 3561 1079 3896 9263 8011 5099 6611 7685 6242 9648 4982
337 6972 231 6410 7340 9129 1581 1982 5859 5960 4583 374
338 7254 6458 452 5882 8716 9624 9815 7584 204 131 3592 6541 1179
339 5704 8832 2744 6911 6554 9035 258 8786 6265 8183 810 8493 468
340 9207 5754 8628 3691 3032 53 3261 8920 9842 5659 3750 2874 5853 2459 2735 1618
341 8511 9140 2436 4042 9108 3626 1770 3937 8930 2431
342 3103 8253 7481 7358 7628 4263 1250 4623 1431 3619
343 6692 4683 3163 5138 1838 5829 6166 9966 122 2974 1498 6794
344 8714 8396 9600 6558 2615 2614 4094 1115 3614 2290 5675 5446 5340
345 3193 5747 1130 7773 8241 7879 62 5797 76 5964 1307 9760 715
346 2802 4576 3073 2781 7847 8659 8195 4485 7352 3630 8613 5869 9260 7987 9674 8572
347 4622 2052 7869 1849 7795 4347 9811 1208 4783 9550 9634 3757 4496 5312
348 1323 6523 9243 6950 2339 1038 9537 2773 3457 333 5862 2747 55
349 1417 4130 480 1516 6153 5081 1147 7070 1014
350 1979 8346 1617 4049 9415 8388 4177 106 569 6598 6339
351 5398 7226 8906 2196 1960 4188 6912 9022 3121 3049 6595
352 828 5636 1028 8866 8615 9414 2935 318 8298 4967 34 5762 2499 3877
353 2155 2755 5056 8005 3123 7442 6879 6108 7003 9970 2635 2717
354 5031 2450 2894 3073 603 3192 6521 4757 5787 4511 7046 5541 446 5762
355 7742 5248 3573 6641 227 5639 4830 5883 9172 4382 2158 799 9598 8152
356 8831 8294 3227 1666 3069 8785 2998 8716 3958 9274 6172 3336 3584 5041
357 9417 7429 9627 5073 8269 8059 2928 9908 9365 9250
358 6053 5662 3634 8212 5308 4579 6295 6164 9127 669 8780 1467 4607
359 7759 7904 6248 1578 822 6116 6317 7517 995 7606 5201 2280 3492
360 3720 895 9346 6425 6313 2534 7257 6534 4081 1231 8585 2558 6218 5601 8706
361 4999 8680 4667 4036 5504 5006 396 8088 8318 2540 2710 1161
362 5846 6132 7143 4662 2458 5884 482 2476 5064 1435 760 3966 5390 2623
363 8837 7313 3521 7236 347 2196 6329 7713 9026 3283 5679 2759
364 7219 3894 6889 3392 4693 1902 1342 9372 6487 6991 1294 4439 348
365 3724 5466 8816 8646 1953 7851 1927 9537 9556 3274 7552 3408 6920
366 5783 2701 6398 8889 2886 9709 2263 64 5906 8234 940 8705 3059
367 9903 2948 1483 7783 8854 3422 2133 5332 5661 9429
368 3729 6247 792 869 5731 2580 3157 746 569 9602 6615 6111
369 6980 7771 5083 3770 5460 3995 3913 3705 9618 4651 392
370 9633 9517 9736 8551 9036 2482 4198 3997 167 7873 4698 6886 1464
371 9886 6325 5479 8233 6647 1042 5094 1121 7296 3009 6012 7749 60 2190 9770 3657
372 5350 3778 1351 5078 4053 1523 5022 6209 5403 745 4913 9533 4963 2699 9315
373 1365 6445 7662 7426 4287 5866 661 8123 5219 420 9133 1409 8752 9728 2786
374 5848 4073 9132 5895 316 4140 8042 2746 9129 8885 5193 2879 4670 2671 2868
375 7535 1798 2282 3315 1255 7407 4534 3080 9048 885 7234 22 5415 8787
376 7386 8480 9695 4691 6986 7800 6025 9799 6696 4170 6954 9511 1162 174 9404
377 7843 1463 491 3726 1399 1414 598 9990 8773 8176 9178 9861 4890 1648
378 2506 9933 2564 3897 4185 9928 461 1835 7492 8863 178 8455 5909
379 9238 4563 2721 1954 9343 9944 2668 2403 7082 2329 1658 4277 8423 4314 5187 2971
380 7516 8808 2666 3450 8571 5963 6509 9980 8581 2067 5412 3537 6825 8340
381 9123 1402 3521 2592 743 4555 6775 5051 4120 1496
382 4811 2179 4095 7911 4315 7724 6001 8235 6030 7446 8324 6288
383 3637 2982 3982 7170 1271 6331 6148 2598 1301 2722 2875 4444 6457 3876 3067 9758 212
384 7401 9061 9090 9270 8811 3177 6530 6402 5507 664 333 7361
385 9967 5531 8116 7659 9797 72 3744 4901 8516 2572 9531 5796 2704 1554
386 3217 2113 7701 1177 1662 9054 6589 9692 7533 3100 6718
387 5108 8922 418 4258 6419 8629 8928 3565 3585 2878 4545 738
388 1102 8499 412 6337 2931 3625 4054 1711 2391 9932 7261 3537 1604
389 9104 4340 8002 7438 9835 8520 1180 9262 2349 7699 2296 8051 5764 7787
390 6458 319 7306 1871 8281 4271 202 8812 8814 3772 8859 6959 7025 915 5008 7895
391 1758 939 2810 6811 4292 3526 7192 1090 948 3936 1097 3130
392 6195 5897 7914 8166 9423 9130 3744 2480 1060 1811 8057
393 9637 6609 9462 6972 5341 8640 7485 2164 7269 4638 6121 935
394 4792 2026 3004 4115 2170 9289 8149 4321 1419 7392
395 6269 6720 1693 5560 9333 8546 9577 6503 8687 3074 3476 3581 3820 1522 4941
396 7837 8750 5929 5861 9461 818 1276 259 7603 300 9069 7860 6153 1495 8990
397 7396 3683 1322 7339 7244 4737 5381 3974 7250 6859 4665
398 9388 7307 1705 6338 5030 6347 7411 8944 5960 3595 7638 6084 712 3316 1391
399 5350 2341 5335 4489 1672 1049 3978 4084 660 5748 658 2993
400 7401 6684 3471 2264 5504 5373 5937 1536 1542 2150 4904 8247
401 1569 3860 3079 2977 1542 7208 7049 336 614 8845 4736 9508
402 634 2910 9238 6054 7384 1607 999 7815 4238 7168 2497 4035 9676 8115
403 4843 4531 5864 8238 4065 6216 5282 3885 6931 6744 4901 3080 7674 6828 6064
404 2012 2161 6918 7525 7504 5436 5794 8824 9821 1440 4744 8711 6777 7929 631 7266
405 6401 94 8284 9355 6650 7110 7077 2723 1506 2872 7976 307 36 9031 3235 4779
406 5275 5216 9075 6189 8910 9294 6677 427 3929 4857 2531 3714 8823 4281 7801 2715
407 1560 2998 33 2813 3865 8430 2160 7922 8483 8967 2624 8465 8406 7652 294 7664
408 9228 1318 9857 3654 4648 8495 6500 3553 4167 8372
409 5477 5248 1111 5395 7480 9226 6033 6374 8923 7528 3941 9997
410 6143 5549 2658 5271 5788 4214 601 2274 2201 3837 6606 838 3135 2301 9516 465
411 9301 2751 5852 5141 464 4461 4620 9468 2525 6355
412 3586 6069 6502 4242 2127 3813 6577 657 5111 3222 4870 2566 273 3523
413 8878 5192 9547 3778 8676 694 1682 4595 8663 7595 860 6030 5735
414 7191 1757 4292 3543 9830 268 8725 387 8147 625 7802 1668 5161 6211 7702 2209
415 1412 9067 1687 8015 1248 9717 4582 2168 3284 3280 2650 3316 3771
416 367 4282 362 7118 7884 7110 2220 4243 1572 2055 9953 2552 5010 2114 4906 3362
417 4122 3586 1630 7201 3160 1408 7413 7961 5186 9651 8225 2325
418 6686 7720 9685 7556 3783 242 4777 9241 5621 5933 6613 757 1020 3543 6027 5326 5365
419 7227 3752 4561 5131 5168 3113 4551 2013 4588 989 1042 600 977 2294 3348 845 9739
420 7567 1786 1712 9906 2324 2732 1907 5340 8215 2007 4713
421 8693 4402 1274 7117 8284 5048 6950 1219 8463 5317 4059 8435 1098
422 3987 7119 9224 3988 9512 645 9081 9381 7604 8189 644 2892 8043 3537 7434 5972
423 6585 5693 218 7904 9640 6675 5792 7500 8305 4154 6762 7630 2228 876 5782 8136
424 1009 7670 490 585 9415 9916 5935 6857 1353 8219 9154
425 9192 5818 3944 9326 5148 3801 5153 5388 9888 2514 6234 3828
426 220 6872 7231 6861 2409 5629 5003 335 4483 3501 9258
427 667 4013 6187 2871 4995 2288 4414 9172 4243 1158 372 2017 7289 1551 1839 8528 4176 9604 7907 3316
428 8142 4307 2749 1601 2038 814 2037 1722 7917 6568 3563 1892 8400
429 7823 3886 199 3396 8005 6854 1319 4314 6529 9126 9256 5038 7043
430 7255 4763 7484 5727 5090 4849 4008 6081 210 4174
431 263 2062 8200 8629 6587 891 1841 5617 83 3171 4962
432 832 8457 8779 4517 2795 8272 6140 5869 783 6913 6665 8186
433 8605 7601 4697 4911 2643 3727 8052 6611 2359 3152 1454 2371 5708 3057
434 1273 3931 6278 6417 9715 7762 1326 6877 2900 9380 5715 1792
435 9493 1010 2533 8410 802 2195 141 4464 3450 992 3469 1183 6058 6161 7652 2121 3389
436 2930 4674 8032 5451 2841 6095 6413 9747 451 4765 2349 8008 4086 4349 2867 8081 4522
437 9465 9167 1521 5677 1083 2610 979 9463 873 2896 3277 2741 5526 8992 2748 8668
438 5286 828 8882 744 974 6560 2987 8319 5535 6559 6749 4664 613
439 8697 8491 328 389 7014 7045 3158 8434 4088 4825 2887
440 1597 2240 1291 7376 4204 6799 3960 5547 3381 2042 8794
441 6642 5924 9856 3435 2553 980 3709 1471 3023 9981
442 5300 1436 2078 444 6061 7060 2693 2189 412 442 41 652 7430 3971 1014
443 1135 3379 6675 4231 3363 8476 5124 5959 9401 6161 2228 1501 355 9969
444 7248 8594 9859 2590 7956 3307 98 1122 6467 4562 8169 4851 1320 732
445 1215 8424 2483 2992 4294 1583 6830 6952 1952 3584 2804 1555 894 8145 7148
446 650 3783 2447 6311 1230 6345 1581 3263 500 8406 4314 3318 8425 1535 4722
447 7305 2463 6601 3868 6835 8104 4835 8236 9504 55
448 5015 4978 639 7980 3870 3279 4341 9366 7901 5346 2555 398 7055 8133
449 8871 9555 1743 9973 5712 7510 6449 2622 3662 6738
450 3180 9235 9741 7874 7635 117 8442 696 7317 4186
451 4959 524 1445 428 4505 1588 1904 8353 1683 834 9820 6785 1638 5093 6045 5556
452 179 8961 5393 3292 4679 3008 1033 9611 7972 9762 440
453 7927 1344 2105 6601 8744 1774 745 6613 7066 5964 7609 1773 2245
454 9933 8880 9245 6967 2466 7527 9125 6588 9191 2643 6824 9484 1279 9137 5023 7435
455 1223 7640 473 5892 8040 3803 3024 4450 2284 1238 1287 1142 6890
456 4644 4028 2653 9805 3391 2926 777 1407 8655 8677 3058 7957
457 6445 1625 6281 4004 6014 2129 1558 8469 7741 2187 5968 9809 7288
458 7733 6287 4653 5062 947 6179 7945 3424 8665 3751
459 511 4071 1441 8073 7536 8743 4034 5919 1981 4134 7162 5824 9642 2823 6538 5540 1287
460 6269 4093 7593 1746 417 7328 9734 7709 2614 2979 4944 7379 3142 8818 8170
461 8440 6878 8542 2264 9034 7088 1437 493 421 5055 7200
462 439 4442 6902 3658 5019 4856 4355 3083 8426 2974 1752
463 4259 7570 7852 6115 1815 1038 779 9610 569 9340 1427 9308
464 7453 8159 8514 8715 4266 1479 9197 4929 2734 9878 4835 315 8894
465 9646 8000 907 8134 3373 8836 1194 3837 2432 3019 1113 3597 8953
466 6447 2689 643 3325 6845 2702 7663 3755 4986 5283 782 2796
467 3741 6038 5536 5338 4749 2742 5880 7204 1888 1002 5097 4992 9266
468 9655 8359 9721 3272 9057 9585 7794 9260 8536 9318 7671
469 1344 5329 8005 587 233 6633 1330 2806 391 2588 572
470 4387 3068 3306 9187 6529 1053 3656 8265 6841 9370
471 5948 7347 9731 4037 7294 9475 2643 6591 7776 8467 6805 8120 6155 7008
472 9903 4763 9064 2503 2824 4619 9001 2780 6017 2071 7215
473 1329 6107 2422 2261 6607 5255 4460 1409 8349
474 6369 4133 5840 5001 7875 1079 6380 9000 6776 2952 3971
475 1034 7513 6324 9281 7751 503 8739 2638 3851 8234 4971 4891 6862 7012 2790 7743
476 6743 5001 1096 780 4704 3985 5250 1128 4126 6109
477 3842 8271 180 8024 3144 4162 4089 6040 2540 7113 5944
478 2491 9123 1590 8345 7949 8728 1958 7061 5750 7922 7447 7330 6938 7732 120 7652 2515 3447
479 8893 4766 5356 8367 4920 8830 1120 1087 8153 8035 3749
480 672 177 748 6498 9855 1634 684 3308 6157 8125 6497 6105 1796
481 5409 7969 8209 6918 386 5092 1224 9299 4474 1692 3023 4087 3989 4241
482 5499 4387 4752 1151 6103 6208 9206 3077 9641 6144 718 1170 321
483 4401 2860 7140 9871 5849 3514 5054 5257 5394 2851 7569 1431 3285
484 7196 9931 5656 3240 5457 6437 9233 5045 1821 206 4938 1081 7827 919 224 9638
485 3202 8803 8983 75 1625 8171 8134 5730 1587 6723 9088 4913 4624 5080 2338 4633 2595
486 4846 5775 3488 2787 8535 9371 7381 6657 5907 1043 6481 728
487 2420 3708 9248 8334 6405 6035 3480 8028 8638 374 3372 9832
488 6348 8070 547 9045 7429 8927 4486 3003 4400 3600 6834 8876 9265 5343 3216
489 6047 7054 5169 8108 8905 7127 1946 6986 6860 5473 4931 6843 5755
490 1289 5121 1963 2603 2958 2778 6899 3584 2730 888 7611 2973 9196 1316
491 4766 7883 3018 6958 4934 2943 8812 7057 8182 2424 9839 9492 7775 4799 403
492 8738 7367 3583 4557 6963 5940 2288 9089 9799 8097 4311 6471 2644 5533
493 5899 1573 8480 9737 1127 991 5228 9784 8722 9766 6695 7234 5605 3977 6464
494 2415 1056 8064 1971 1093 3345 1783 8682 8894 2739 4349 2759
495 5965 9558 3644 1366 7201 2264 5609 3904 5406 4741 4391 7309 9825 8840
496 2949 3740 1801 8281 8199 9942 9740 9160 7977 4556 7955 7684
497 5578 4650 7839 9972 7799 6112 4679 2400 9 4020 3134 2817 9619 3665
498 8391 6465 9855 3513 4143 3775 4191 3340 257 2895 4801 8178 8720 1950
499 6171 5503 8514 8593 9368 4032 9768 8431 1481 4924 8057 9834 2773 6752 3794 3262
