500
0 2893 8210 1786 8462 2571 9064 6013 7880 5504 2896 702 1042 84 502 2116 7103 6408 2121
1 4199 4365 4071 3691 3271 3804 8118 9007 3261 8412 2707 8477 1561 3728 1266 1162 152
2 7973 2880 3690 8214 4193 3102 7699 4589 5007 5156 6661 6572 5314 4962
3 7575 321 3697 3032 436 9292 2 9819 1137 5188 360 8272 3663 3438 8324 728
4 2208 2025 5224 6232 3007 3018 5500 2619 3895 5381 8886 5601 739
5 6214 7457 6635 1998 5425 9115 625 3161 6168 6702 71 1228 8760
6 3090 5119 6613 6724 8031 3718 6988 9953 3283 1555 6846 1781 4923 1149
7 9958 3360 3894 520 5274 1755 9353 1865 4852 6262 162
8 9277 2482 2683 5219 555 8971 4143 5763 6240 4270 3441 935
9 8439 4489 8108 6518 2041 1689 8280 7153 1279 5941
10 8029 2240 9243 4871 4738 3123 5045 8427 7296 6267 296 9669 7332 932
11 4199 2483 8224 3698 1774 6202 2608 668 2288 3126 6583 4532 5543 8265 1923 7660
12 4401 3778 7861 5456 4685 7589 586 3525 6833 1348 5412 5447 9395
13 5444 4410 2155 4988 323 7791 8717 3012 7818 8854 4800 9013 2003 8361 9122
14 2139 9917 7238 4765 8075 2892 4987 8521 9065 202 1039 6534 7111 4391 8168 8994 7987 5294
15 8293 6795 5274 5 5491 1747 5574 4370 2643 9678 3012 4931 1691 5762
16 3894 3182 4869 2503 5455 2305 825 1339 1527 2121 5715 2849
17 2506 5885 2367 8166 7500 8533 2552 6453 2108 1830 3074 411 3723 8234
18 3987 6171 3716 1226 2557 4740 2423 286 2288 7820 9407 6064 5920
19 4531 5348 3602 6079 5818 2737 111 7278 8520 7311 5543 229 5237 6037
20 8723 2527 7726 7949 1683 8836 8624 4249 630 588 3203 5276 2969 4349 7233
21 5378 1573 5133 9288 6928 3301 2932 1439 7302 79 2091 5340
22 5924 9007 9298 9254 2294 7738 5674 1015 7952 2480 4664 433 6995
23 12 2559 8238 7438 2456 2516 9384 7005 1260 8484 1872 2308 6842 7684 5618
24 9933 9244 3857 2971 1610 9944 6342 5715 2164 3121 6923 8207 8778 489 7633
25 9696 199 4560 5640 8492 5420 9694 2962 7269 3862 3801
26 525 1663 5527 9813 6664 3199 8149 5715 8357 8331 57 4873 7055
27 9075 3452 4897 1405 5018 4282 4647 9463 5510 4936 2168 1482 5330
28 8356 897 4543 321 4276 3588 5062 4456 4672 921 5748 8616 1908 935
29 567 6333 2801 7156 9968 79 4248 2229 4611 9634 7731 4317
30 4525 3351 6996 7429 8722 7128 6805 207 4001 5221 3936 1768
31 8644 1372 5844 6958 5022 2268 5914 3504 8161 2650 1806 3877
32 8910 7307 4630 2047 9064 5498 2817 5278 979 9644 558 4182
33 9113 447 6685 2405 5773 5497 8431 7024 3356 1187 3197 5267 7873 3989 842
34 6666 7197 1564 5044 2347 6112 350 5290 6067 2535 3966 1668
35 3731 3173 4496 1849 2656 1675 7314 6613 9729 8585 7824 7026 6161 9762
36 2768 2840 8336 367 2666 6472 5950 9172 627 6868 1157 6971 5336
37 6304 5749 2104 8224 1390 3882 3623 3913 9822 1114 8854 9533 2790 4529 3577
38 2841 8399 8288 5261 9186 4243 5561 5658 183 5652
39 2318 1983 4653 7949 8739 684 2114 6602 6897 2674 3179 765
40 6247 5557 7762 820 6225 5392 6075 1986 5435 7945 7385 2925 9656 8988
41 8386 9704 6663 951 3698 6210 6571 2842 550 9670 6938 1913 9722 3665
42 3041 6171 8550 5720 3297 2986 3051 2995 3181 714 1117 7177
43 5889 9469 9941 3055 4958 6821 1038 3337 5340 3619
44 4907 6759 6510 3995 9372 3992 2212 7179 5024 3329 3611 5962
45 3202 136 3265 7628 2530 1095 6781 7727 6587 9274 5186 1752 321
46 8575 254 8542 8069 1694 481 1166 6945 1997 480 6907 4420 9846 2600
47 713 2433 3468 8076 5263 5437 4985 6100 3881 2962 9914 1700 569 4443 4429 9202
48 314 2240 1067 6993 3885 1660 1150 503 471 2400 2188 6617 375 6727
49 6619 8803 6014 3467 6577 1534 537 9016 1371 7655 9409
50 3729 9719 3442 6328 48 2722 6357 5715 3713 9256 658 1145
51 6636 7242 8345 1402 7353 7219 3946 8130 5839 9711 9845 7906 2567 7652 4761
52 3689 7344 1028 3827 847 79 4600 3448 8483 1308 3276 3059
53 4122 7052 8070 6570 4935 2751 2890 640 4588 3361
54 4199 5327 7938 86 9857 6413 2906 8353 3115 2602 1703 4035 2704
55 2555 4193 7659 3969 8134 905 3111 9082 4686 5552 2032 6629 3128 3784 162 5805
56 8560 8346 2842 6557 1639 9661 7036 2639 6889 2 5265 6857 5145 8044
57 2357 7762 3726 6119 4433 6248 5554 4702 9253 6157 9585 5992 110 15
58 9470 8308 3176 4146 265 576 9842 4511 4620 3911 3100 9008 8702
59 29 5052 8491 6748 9096 6158 5912 1563 666 2664 4583 1560 2364
60 2655 4454 5548 4824 7033 551 9302 8020 1520 1592 4369 9214
61 427 3613 1635 2351 6186 4191 2972 758 5625 8772 5905
62 9691 8686 8450 1378 4814 9088 6655 3703 7997 7019 5412 8458 7551 7369
63 8385 1666 1991 9638 8269 175 3735 2 8847 1626 23 6584 5041
64 9236 5175 1027 9842 8629 5364 6371 271 9052 7343 321 1363
65 5958 1868 9244 5572 7146 5266 6472 8195 4325 8557 7653 6752 5385 8697 68 8387 1686 6595
66 9643 1814 2275 53 6547 79 7211 9782 7338 8370 2695
67 287 2450 208 5803 6007 1029 1852 747 3378 8493 5410
68 2095 5671 5595 9067 2536 6834 6258 3422 1052 7100 3389
69 8386 9903 4770 5470 6931 3982 1165 7478 4500 8707 1301 1718 9439 9315
70 9921 7839 7226 8625 3979 3565 6040 6719 8685 7942 8125
71 5251 3768 5418 6024 1726 3446 4248 8972 8852 2514 6537
72 8826 1613 8930 9487 7648 695 6459 8590 3304 8387 8559 621 4408 662
73 3756 3548 9720 2140 3519 1675 8865 7153 9966 2390 917 5240 7506
74 5532 6226 148 9438 2197 125 4758 3839 9586 9609 7310 2715 5101 5578
75 7620 8670 4780 2456 4061 9345 5053 2959 5119 6825 7382
76 8304 8605 846 6569 8546 7306 4045 5566 9842 6828 5631 8422 9290
77 6888 9696 2049 8175 5792 5099 9579 8505 655 7215 6109
78 3936 7552 2343 8178 5194 925 108 2854 5529 5305 2361 7043 1547
79 5685 8270 2948 9257 4717 4041 6337 9572 9181 6855 255 3163 2 7251
80 5238 1347 4875 4344 9650 3436 2147 6604 8125 4787 9229 8165
81 1130 1883 2113 4214 9668 3514 4705 9222 1903 843 5454 3849 9589 8223 3877
82 8575 3452 1239 7069 7219 5169 6667 9739 7432 8528 4421 2163
83 8895 7914 5386 9752 4477 7652 2288 860 9379 7865 4867
84 341 1163 8383 9820 3402 3692 7308 3669 6030 279 2796
85 9886 5256 6554 9226 769 2681 427 5308 7110 752 6467 2716 3168 8968 3539 9533
86 676 1748 6929 2407 3747 3493 992 4693 7311 9545 4706 4961
87 9458 4495 9571 1299 9159 968 6576 2178 134 9460 126 340 944
88 2289 7159 7986 9850 1803 8444 6639 1794 1209 5956 9192 5664 4341
89 5036 2749 6473 9112 736 3913 1915 5354 3824 8488 3012 2962
90 4447 6355 5913 6813 4485 7265 626 5902 4982 9983
91 9284 3250 7438 6241 7641 9210 6968 7533 6568 2913 8035
92 9910 5840 2998 3982 7866 5682 9471 1129 8153 3043 1336 1170
93 3754 1032 937 1019 4806 4147 1984 3601 4807 7213 6418 6176 1284 4841
94 4409 6054 805 9077 1860 7156 7413 2038 3500 8673 4820 1003 9686 7398
95 7089 8134 670 5537 4519 8745 9220 4990 7245
96 6680 7590 3371 3752 1736 51 8532 322 8659 3231 9968 5727 5069 6487 7035 8160 4019 9511
97 3095 1344 3195 3488 9231 3364 9116 6213 5986 205 5412 4240 6605 83 6730 1259
98 7176 6929 2670 692 2986 9291 5583 5577 9610 8191 6672 2985 4047
99 1463 123 4266 1776 5524 5568 8279 1645 3830 3439 6700 9623
100 2222 3671 8305 2327 7913 2699 7836 8847 3174 3498 6228 7051
101 5827 5011 7969 14 1880 2322 6788 9382 7381 2599 2555
102 8774 870 1037 7709 5508 2217 3506 1487 779 3675 8309
103 2453 4030 8226 4681 1774 7571 5483 2943 6745 7318 1522 861 8028
104 7516 1625 6325 5811 8148 2136 9838 2589 6938 2772 4443 6180 915 9621 4047
105 3403 8033 4934 4442 5372 4594 8179 9654 6297 1470 6940 334
106 8047 7705 3421 9036 5926 5035 8470 1364 9128 935 3069
107 4261 1798 7959 4504 3726 4831 3927 6363 3722 6830 4796 5751 8121 5702 4126
108 5300 195 1389 6582 8660 5062 3060 3398 6988 1606 4439 9753 8857 605
109 7631 4326 5382 744 7278 32 7658 1760 3299 2485 1561 5782 466
110 3232 6919 7762 7399 7458 7480 5816 6646 7027 4684 2377 261 7079 8952 9504
111 4199 1727 5717 1586 3534 5567 7721 5710 507 201 3835 7051
112 1247 2659 2264 9915 4135 5769 43 2257 6651 5349 5558 2609
113 4138 6768 1272 6963 7665 7558 7493 3237 3006 9377 9533 6493 6255 9621
114 4683 4437 5277 72 5707 682 5405 6379 612 3122 8125
115 7666 9864 2151 6194 1517 8994 3533 3783 1341 9557 9419 1489 7496 9032
116 2023 8750 8343 445 8645 8590 5587 6155 4082 9405
117 237 5082 7949 9101 3557 2684 1212 8193 5202 2823 2553 2537 9361
118 7453 9380 5329 7170 9968 9615 4619 6866 2111 226 1489 572 3949
119 5614 5009 7092 3211 48 1354 9860 2263 5748 9938 6909 8547 3707 2745 3400
120 6983 8893 9309 1370 7486 2776 3310 8753 3677 5834 2545 7288 7413 2002 1695 6386
121 6021 7069 3030 8813 4320 5316 5877 5712 4237 2928 560 6178 7133 4604 3592
122 5238 2447 657 8281 5821 4440 3616 5757 7678 5264
123 1583 852 1668 6410 545 5074 7127 5283 2186 4005 8263 3134 8887 171 6635
124 971 5725 7530 8498 5880 7334 3420 7547 2621 6500 8973 7209 5419
125 8071 9169 8254 6502 6573 7263 979 9544 1838 6712 9521 8903 3820 5514 498 8136
126 7973 6806 3555 1079 2181 9790 2165 5683 1614 5507 944 5463
127 2342 9931 5513 9804 190 7207 3012 4472 2510 6606 7935 9611 7632
128 8439 1938 7536 119 9776 8052 3952 5796 5762 7456 4097 1993
129 5259 1329 2292 4265 7943 564 4336 953 1248 397 7608 5401 8581 955 5930 3413
130 8073 9605 4400 259 653 3553 7377 9796 4285 532 5952 152
131 1680 2126 1349 3765 5551 4150 866 1087 5683 1129 6718
132 7130 8418 3150 3464 5506 979 9186 2018 8941 6999 1340 2242
133 2946 7271 8716 3971 609 5193 6511 2143 3074 500 3645 160
134 5133 8598 8078 7109 3894 9584 9928 6607 1024 3387 1979 2679
135 4843 105 1192 5926 4993 7153 5241 4077 4815 624 8626 5058 8674 1514
136 9726 4067 1698 603 3453 7652 4057 4729 2919 6207 3023 4314 8772
137 3641 2758 9590 6933 4916 2435 9333 813 2452 3116 6853 1473 6608
138 9455 8006 2997 7429 319 8092 1333 2058 9543 251 8433 4430
139 4829 488 306 6765 8287 7 6390 427 2591 9764 1053 9552 348 2093
140 9703 2333 3176 7348 526 7205 2961 7323 2406 7647 8454 6134 4708 3923
141 17 5608 4901 6892 1212 6426 8027 5122 9098 9401 3023 1038 3522
142 3976 6349 5285 3054 9074 3081 5202 8097 335 8307 40 5326 7030
143 3988 1385 5506 4586 9004 6049 3363 8177 7442 4863 6556 5372 7419 4541 3612 4502 3673 583 3230
144 6520 8013 2291 6613 8876 2048 7452 5918 876 164 4351 4660 9770
145 8032 7089 3423 6103 153 3449 8419 3285 8511
146 5503 9007 1594 1515 8005 587 8296 5097 501 9981 6463 8093 8839 9306
147 6818 2592 5445 4902 8682 2258 4942 6616 4049 456 4352
148 6870 2861 6398 8920 7428 774 3287 2276 282 8994 6581 5041
149 4192 4774 1860 6563 1415 792 8908 2058 1429 6245 8411 5541 5150 3563 2934
150 2326 8915 3479 5716 6311 5816 5744 5657 7878 2199 6153 2853 4607
151 9712 211 1684 9949 1587 685 9312 2256 7918 7796 7012 1797 1320
152 9520 1575 5651 8686 5955 5334 585 9589 2863 4366 5391 7518
153 2658 5431 1121 7699 5967 5242 98 5388 5393 5464 7909
154 8783 2251 5669 1366 451 7883 9116 4209 6279 5868 7198 9073
155 9555 1135 7231 377 8464 270 6831 7362 6289 9701 1892
156 5297 172 8155 7902 7144 541 1064 7522 9698 5402 8966 4421
157 8457 4972 7126 96 6641 8134 3837 2381 2915 9377 1292 7639 3920 6552
158 144 6786 9443 2821 952 3388 3167 7589 2643 1600 5397 2346 3486 4943 9939
159 8041 1941 8083 8291 4858 8405 2757 5748 6185 2637 103
160 3494 9311 7257 4184 6613 957 3119 5709 7240 4391 1119 6897 1501 2688
161 9812 5971 4028 130 6872 1978 4775 7011 9545 1431 4728
162 7565 7706 1430 7249 8996 4555 737 1833 4393 3074 6633 7250 6031 6920
163 6985 8406 4851 3832 5057 1383 9200 3646 5214 7466 7390 6113 5471
164 8922 1668 6948 5739 3293 8996 1086 2054 4342 7769 9137 9046 4145 2260 7819
165 3005 497 1291 6085 4212 4340 242 8368 9408 1452 2864 8163
166 9402 9646 4181 8927 5417 4456 6599 4562 9618 408 2568 1524 1495 2784
167 5216 5063 2555 7947 5800 236 5994 8441 4977 4888 3536 5875 3058 5785
168 3986 2493 5837 218 4330 3324 6332 5064 4175 1216 4324 7598 4011 1771 5179
169 2843 3103 9273 2183 9014 9333 7352 4913 4238 6507 7697 3309 5246 6481
170 4100 1610 274 6723 3559 8552 4107 6938 1735 2465 9698 6249
171 5848 4896 3894 3897 8779 5095 6138 3186 1807 2698 7603 9861 7502 9748
172 1385 3271 181 3106 289 5753 9616 9627 4250 2188
173 9104 3094 936 1863 8027 7222 9979 2594 5966 5146 3780
174 7974 4034 1127 2185 4060 3004 386 9528 3919 600 759 2807 2109 4890 9947 4666 2431 9709
175 9666 1045 7560 2104 8834 4608 1934 3704 2020 2226 4548 742 4418 3284 5343 9308
176 8037 720 4065 8491 4373 420 258 6389 3474 4130 7808 6147 8668
177 6973 3417 3505 417 9848 3877 7038 4445 3022 7960 1241 1168 1649 7682 4024 6145 782 3130
178 7491 6707 5032 1423 3215 4786 2587 4992 2700 1943 716
179 3473 95 1411 1071 2418 5456 3964 230 8969 5416 5336
180 113 7092 1732 4760 7213 3212 8529 9545 6644 8558 1701 5173
181 2021 8945 6278 3032 4669 6209 3048 7608 2956 6891 8463 4977 9533 221
182 3935 4898 6692 4597 7183 2573 4234 677 6254 6785 825 5439 4790 8080 8661
183 2159 9244 2673 141 5849 7519 2046 5957 1844 315 8256 6 2234 2862
184 7112 3617 5996 4004 4160 9942 5744 2794 6101 1035 7978 7047 4128
185 3841 7733 5252 6125 3314 3377 1165 2660 9795 2807 845 9087 5823 7148
186 7120 4490 3698 3079 9451 7783 5799 3591 291 6395 6230
187 3628 2983 4996 2108 5880 890 3870 9299 5037 8139 4771 3131
188 7120 7376 8227 6557 7550 2558 916 6589 7447 2989 1947 8887
189 320 3589 8297 4034 9244 4486 1742 587 7239 6618 1074 8577
190 5704 9301 7760 8378 3428 1281 5623 9109 5180 238 5637 9297 1951 4706
191 6477 5962 169 9670 9980 7685 7919 4166 3759 1643
192 5065 8648 1827 8777 1918 3534 9904 891 5675 4606 5247
193 9792 6883 2492 1889 8918 5548 252 5734 6305 9146 4020 1081 9516 3821 2374 8502
194 7471 1630 4840 8812 8040 6908 2507 5191 5231 2191 8295
195 9075 7577 4476 9005 886 2306 8967 7559 2153 3733 2028 7435
196 2576 426 5512 9139 6436 3208 4478 6260 421 1534 8445 7581 4734
197 9497 2122 4333 8775 2669 3483 1155 5204 2566 6083 6537
198 713 8 632 5730 3018 3982 1334 1869 7034 8272 5735 2040
199 8499 6531 3603 6380 7143 1134 5534 4450 644 8801 4338 1935 9987
200 8221 6935 170 5001 6994 5374 1303 1509 792 4927 3158 5815 6825
201 1999 7264 9034 6538 3627 2968 8325 6710 206 9093 8818 4043
202 3516 6300 8995 5780 5568 2706 1670 232 4118 4103 9745 4203 6151
203 7401 5602 5437 1177 91 4348 8189 5355 7695 9771 2148 2521
204 401 6015 8273 2834 7997 366 3470 2134 3441 293 7388 9873
205 4660 5729 5575 7230 5589 4109 7049 8724 5380 3675 535 2864 8949
206 1963 8532 6452 4099 4578 4404 7699 5400 3216 5481 4136 8619 9598
207 538 5740 7235 1096 124 2931 2129 8212 8138 6840 4324 3946
208 5644 8460 3185 1127 7147 4837 3469 4094 5900 7845 446 1089
209 8964 7856 4538 1151 3990 9715 9009 3028 4805 6490 985 4070
210 1582 7480 5148 9811 7204 2221 3809 798 2188 9927 7413
211 7757 2402 2627 7433 1629 6350 6839 4781 8460 5770
212 330 5750 9103 6075 139 2296 7528 2130 6319 1809
213 330 4252 2449 8606 1576 7378 6774 8405 3457 6937 8596 7971 3159
214 1780 4309 1889 2592 8864 9011 5090 5364 896 6427 8692 1603 6827 5943
215 8382 9061 8237 3149 9238 7654 4411 5446 6090 2267 6843
216 2752 7312 2975 6996 3936 2388 9534 2015 2531 3097 3201 7434 518
217 2034 2173 5062 7393 6939 9682 2329 1229 9537 3476 8244 7142 5869
218 8525 5693 5395 2360 874 6801 9129 204 1113 2925 7743
219 844 6183 200 1234 378 2048 5321 5130 309
220 3409 2436 5739 4111 2027 150 8150 4434 3836 3196 9246
221 7274 9018 2399 2401 9476 25 1654 6265 5507 6407 5830 3541
222 3227 2894 6060 4214 8934 647 2244 8151 1550 7174 7983 6233 3565 7463 224 1205
223 4981 5677 7438 3647 8989 9518 2725 9757 5935 2203 3595 6238 7972 7532
224 3225 1102 4663 571 6328 9490 5468 1637 3044 3063 1496 8851 6101
225 9228 3109 1040 5999 1183 8151 5292 4501 8176 1841 4020 8752 8429 5093 4921 165 468 6086
226 3281 8453 477 5790 1926 2778 1874 8005 3264 6002 4414 9775 1058 8435
227 6760 2473 9216 7933 4095 6896 5636 1835 2448 3279 3146 3104 8197 3221 5921 1796
228 287 1883 1757 448 898 3081 767 2941 2954 4855 8351 7385 5324
229 511 5945 4817 6778 9211 5153 9515 3803 5254 2804 7784 5938 6483
230 4842 8849 158 7708 1425 9039 4588 2539 512 661 1825 2788 1429
231 1094 4844 3164 4002 8088 9089 1493 4329 8549 3512 6500 2194
232 3683 2426 9264 7427 4422 4037 133 9139 6926 4084 5262 8618 2097 796 8448 1500
233 6600 2518 4996 5078 1981 1574 4179 7751 4054 6101 1461 5633 8079 2094 6989
234 1406 3490 6631 5509 7936 6318 5291 5172 1080 6709 1572 5328 726 1050 3291
235 5426 8642 4938 1452 9210 7448 296 5540 9516 3104 8685 1685
236 5358 365 6654 6673 7884 5792 1433 7699 3358 2209 6142 3224 930
237 3683 3278 835 7175 6055 3092 9514 6285 2940 6179 5806
238 2564 188 836 6966 8230 1246 9090 1083 9688 766 2239 2391 2702 38 6051 9013 6346
239 4051 3600 5341 7703 3829 5249 756 4066 2661 7210 923 7309
240 8614 6394 6925 1906 3454 7718 1002 9253 3466 8030 4823 2474 3714
241 6979 3567 4453 9465 4100 5991 7091 7725 1494 8879 626 3152 2895 135 7040
242 75 9889 6720 8437 6901 7792 3332 4891 5404
243 8681 2083 447 2647 3994 1343 2120 3917 4633 8536 3734 9304
244 4650 8517 830 8430 9020 6952 3357 2695 9374
245 7816 3521 9237 2867 4274 2736 3205 6027 8873 7327
246 2443 5442 6231 1564 3524 656 3154 841 7721 8762 7736 7873
247 7196 7516 4616 2422 9059 9694 4033 1787 8301 6448 7289 6140 5421
248 29 6707 7856 1942 1075 2734 1173 2172 5858 5369 5058
249 895 5536 7460 7662 7305 9192 2884 7461 425 3105 9205 5867 2918
250 1270 5690 9629 6784 6733 6374 6986 7296 1186 4656 7417 7524
251 1731 4908 5998 6001 5959 9401 9783 3550 66 9278 1896 5578
252 2980 1609 67 1306 5746 4901 7851 4737 3876 5759 4158 573 638 494
253 4723 6274 3578 9566 5124 238 5703 1038 8952 7877 176 3758 1832
254 1916 4178 7282 4011 4554 3136 2119 207 9370 8904 7389 398 6476 9969
255 8531 6527 6107 2340 9841 6836 2273 9503 6392 4098 6290
256 1988 3939 5745 3655 5438 7175 9410 9723 3108 142
257 7733 863 960 743 6903 9197 2614 4721 7799 5606 5523 122 7007 8455 6327 6177
258 3638 7537 5323 7356 3055 6987 8617 2038 778 5676 9513 1618 7806
259 2680 8271 1714 7868 7980 3878 5883 352 8054 9506 8603 1098
260 6546 6878 1585 7686 3507 7791 5711 4564 5967 1927 8867 5340
261 6943 5448 6381 6320 3607 8716 7143 6375 2643 41 9138 8638 9472 7772 5016
262 1613 3140 7667 1016 9524 7785 328 8088 3163 9746 8236 2045
263 7481 107 4012 6557 2399 7204 6906 801 8672 4498
264 7248 4403 1871 9408 4987 1755 9256 654 7661 8068 3492
265 5469 931 2155 32 2332 5628 432 9984 5298 8917 8449
266 1174 9978 2445 2464 6739 7531 22 6169 3830 2142 313 1160 5480
267 5619 9911 225 9600 7665 9071 9125 3520 2672 8639 4708 2605 7543 8017
268 7313 8984 8568 9182 1000 9239 1754 2438 4198 5175 4966 978 1892
269 5897 1139 6401 6933 1808 7439 9418 7098 5632 8059 5027 596 5198 7018 5964 4801 4778
270 5549 3678 7254 5991 9254 4855 2017 9336 5229 8082 8515 7655
271 3315 7293 116 1532 2226 3272 3658 2272 2546 5407 6937
272 7227 1251 8285 4039 4144 9341 705 9990 3375 1393 7732 3477 6603 4802 3568
273 9417 4894 2327 4628 1550 100 1235 7234 7214 6354 8962 2311
274 3606 5160 3064 1894 8491 4372 6906 1572 3340 191 6384 7664 8371 606 4527
275 2910 3602 7277 8743 4554 3769 2174 6879 7776 888 2146 6797
276 7140 8317 9261 6082 4712 3686 6476 810 9674 7825 3286
277 2026 3427 3219 4951 6623 912 1856 7027 2225 3461 4277 2924 8147 4380 1605
278 6838 1476 9971 7124 2063 4162 6812 1407 6714 6947 4825 5841 3316
279 2816 3842 8568 2115 9975 7273 5609 1319 6899 3528 5975 5447 9416 6827
280 5948 9153 4123 9079 297 2888 2685 8884 7322 8567 4297
281 6659 8252 8294 6485 8284 9034 6861 247 6530 3876 9349 117 2164 3210 2973 7304 3674 6264
282 8829 5775 90 8676 3891 7225 6884 1228 3037 7801 9360
283 8491 3047 2935 2029 2279 8972 853 1507 1745 4465
284 1758 9464 2445 570 8812 1644 7485 8655 750 2775 2468 4101
285 1544 6098 7694 5995 2362 3526 5341 9149 5733 4363 2116 7373 3425
286 5985 5686 6226 6420 9551 8114 929 3993 5307 4528 6674 2158 7689 6180 4799
287 9070 8644 5282 2693 4096 1634 8847 4361 975 7315 7501
288 9042 9926 7072 3410 2665 7418 8521 5268 1907 443 8406 2677 1995
289 1642 6165 3799 2205 4154 9640 5488 7880 7526 4856 1622 3162
290 4531 7284 9912 5045 9867 1374 73 5997 4605 3912 3763 7946 6351 2789
291 4976 3173 1904 2454 8445 8423 6220 159 8496 8388 7228 6004 973 5964 6298
292 5531 8417 5993 8958 355 2162 7470 9453 9475 6295 9992 4488 5661 6364 3923 9541
293 1082 2319 1590 6542 8986 5940 8797 2076 8601 7951 155 7326 1066
294 6372 9367 7391 2797 1412 7368 1437 1839 4881 811 5106 2858 5023 3380
295 909 8980 6501 7178 1140 1713 9452 5185 712 3395 8174 9041 3169 3254 3059
296 2117 5032 6139 4313 2519 475 3243 1799 7883 2610 6803 219 3139 1948 738 8215
297 1315 4362 4157 4601 5296 6461 8879 9307 9632 5186 2073 2675
298 4319 3319 5085 8224 6432 3177 4343 1134 7022 1783 3912 1003
299 8019 642 8749 3635 94 8630 4172 5344 1481 3312 9721 9650 4314 7115
300 634 8871 7048 1288 4021 2960 6726 3977 74 7392 4573 1353 6491 6118
301 8901 2236 1226 2534 7486 31 1842 1241 4882 6081 6192 7240 3942
302 8872 2691 2238 8487 6755 19 1444 6497 8887 3034 8858
303 6600 9952 3807 214 9961 8096 5613 1358 2121 1725 1475 878
304 5271 1924 9500 6951 5166 9937 6560 4202 9451 9003 4679 1461 3693 1653
305 5643 8174 3451 4518 5206 4751 5185 2838 7441 9728 3321
306 8045 5895 3968 438 4441 1479 61 2897 9582 4915 1158 8586 8764 569 829 9404
307 9075 8642 2314 6748 6649 4246 3787 991 5813 726 6782 419
308 344 1362 5505 4187 9314 7200 3766 2157 9509 6038
309 3353 3368 4010 3266 542 4231 4729 8622 2265 4311 6340 9250
310 2074 4803 2331 7680 5319 9390 2457 5640 3318 210
311 4345 2845 2455 7520 7081 8562 2732 7862 2765 77 6893
312 3068 3211 7965 5882 4185 5219 548 3302 6244 7410 2190 8576 2978
313 9123 8098 9461 2785 4899 8553 6494 876 4481 1994 2219
314 3067 7180 2334 1743 6208 1093 4506 8105 856 2286 9492
315 9249 8080 6405 650 9217 2201 9499 8504 171 3657 97
316 4360 5293 9903 5158 7138 203 913 8441 7365 3220 6120 333 1705
317 6214 4378 231 9081 5091 2813 8889 6683 6296 7678 5023 1987 7328
318 298 8486 7883 7822 873 4348 2019 884 3510 9184 9831 7994 2887 2084 7925
319 1664 1073 114 2334 4955 2013 197 5760 3408 4522
320 4455 4846 7436 6538 9019 5502 894 2274 1719 8176 7578 824 8124 6791
321 8696 616 3770 6389 381 5394 7216 1770 8578 2649 5771 7732 4299 2313 4609
322 3421 9025 5555 6506 2979 9641 3953 9280 6111 9275
323 8077 1905 8607 9787 6544 1269 6324 9000 7713 5660 8196 93 6354 9306 745
324 8221 8415 7119 181 1083 5795 1492 8611 948 2392 8687 8663 3957 7023 8115
325 9882 8393 5437 4286 5109 8473 506 9356 9918 8576 1545
326 2541 5271 7336 7438 4392 9170 7010 5389 2952 7700
327 7830 6308 7127 1589 8347 5518 2182 3187 2514 5155
328 7546 3915 995 4511 1324 9219 1099 8886 8003
329 6301 2830 8767 2612 5870 7773 9635 9990 3292 1542 4514 7657 8683 8443 9739
330 4696 8043 3113 1368 9811 215 8898 8250 7243 409 3367 4062
331 6182 6393 6601 6480 1710 5884 735 4611 229 2437 9866 4636
332 1720 6226 2340 3752 3450 2457 89 6758 9054 5939 3817 7802 4310 4024 3003
333 8396 9718 3726 3562 1221 4509 9006 5103 4186 6117 5127
334 7553 2980 8379 7605 6901 7538 6457 7162 1674 6936 4736
335 634 809 4576 4847 6838 7160 3062 8431 4025 8621 9761 2633 3785
336 3496 8116 5301 4749 6571 7432 2735 7155 8322 2563 6695 8677 5147 2584
337 6439 8991 883 5433 3383 3387 3571 7992 6449 2490 1846 762 3821 6637
338 8245 6088 61 6539 5235 1960 1558 514 5157 1471 4944 8527 1238 3320
339 7292 4910 5629 653 7222 8761 6411 7788 6388 9183 5869 3016
340 8414 9530 4113 1864 4865 687 4020 9644 4836 559 8091 9612 3397
341 681 1376 277 4217 9359 4267 6106 1169 7579
342 6183 4701 5747 1878 7847 5893 4357 5654 4079 1256 977 2671 933 919 6738
343 780 5287 599 3929 2434 7867 194 5758 7543 3226 9035
344 964 2198 3260 6273 3188 8398 3416 7619 7287 6188 1560 1014
345 9693 960 1408 3656 84 9773 2566 7076 9800 5424 1804
346 9462 7126 5337 5411 1345 8929 3682 9107 6914 923 9180 342
347 1106 1972 9094 6578 2068 6632 7192 6592 3543 7169 2484 2868 6174 8683
348 9967 285 2982 3813 5134 8602 8212 797 390 5535 1109
349 4999 3815 9774 7061 6035 608 7002 1956 6437 1870 2299
350 939 4703 7014 4220 7152 9495 381 9160 4948 3246 7514
351 1084 6575 6404 4552 4200 6116 5339 9285 5592 8093 6627 6672 2953
352 7837 8537 3217 8744 1562 4016 4993 5867 944 4643 8170
353 789 7772 1255 5961 216 5988 5597 9208 9710 5443 5880 4142 7657 8830 6236 8673 1204
354 5576 2712 9232 4354 3934 1552 8768 7291 3347 6702 2444 2336
355 7423 3586 8009 626 2878 2743 7779 7915 8152 2007 6579
356 509 674 7691 3822 6373 4356 5659 1542 5737 811 2548 8062 373 745
357 45 7319 267 2014 1871 8248 478 4472 8821 1022 8746 3288 6201
358 1275 2095 2498 4641 7864 5880 6224 4528 2371 4264 9606 5150 6234 915 9429
359 5846 4933 4159 6533 356 9930 6217 5890 4598 2385 6339
360 7535 8723 4396 4336 3437 7029 4750 2011 1420 7181
361 6006 8675 7829 7793 3856 6205 137 5232 1025 9514 5507 8145 4415 2325
362 6660 1491 9718 3463 5148 1024 8066 1459 6809 7296 9024 6676
363 9102 9653 5304 4859 5624 3580 7022 3355 5026 3941 3848 6188
364 1332 2990 547 1853 2365 3406 2819 7489 4311 8771 1265 9223
365 1620 8107 7644 5878 2977 1881 4086 4610 2307 404
366 2590 9777 6849 3744 5162 2753 5672 9076 2123 3341 8389
367 9801 6701 2756 1708 1933 7357 3711 7341 6732 4170 6455
368 345 2701 5789 3753 8024 1367 2067 8573 6056 5318 382 7371
369 2763 962 8740 3650 9797 9756 2285 8718
370 5809 2615 3743 2683 351 1012 4339 4142 5205 9892 569
371 6517 7350 9737 6044 9624 9561 3656 4744 9651 5075 8787 3251
372 486 4766 1401 457 7405 9766 5647 7745 2081 2376 7166 7832
373 7539 3021 3761 7360 7584 3814 6010 7490 1513 3728 9308
374 1584 1483 9450 6306 5322 5077 9474 7915 235 1097 5972
375 2488 8100 3625 8687 6108 4377 4479 9867 919 5137
376 3270 4383 1357 4687 2044 5302 9163 5530 1846 8692 9446
377 2901 4402 490 1054 1646 6917 690 9509 294 3254 7288
378 7391 8564 284 2052 2269 416 281 3147 4230 4075 678 8736 1602 6703
379 4494 2012 9085 7912 6679 461 3622 4960 1429 760 739 5533 2848
380 3699 635 6555 1990 8554 7437 2133 3354 8460 7637 3955 5622
381 5004 9704 4397 3822 8811 2170 4953 5594 4526 1013 6696 8065 2378
382 2451 5596 1144 3255 580 5851 5515 6687 7824 4496 9876
383 7416 5662 7407 14 2102 6468 3020 9573 3717 2271 3775 6484 1528 746 9202
384 2810 1376 745 4739 2687 8587 5104 5143 5853 5944 8902 5002 2320 9593
385 773 3191 388 1538 4567 2572 5832 8307 1033 3791 6598
386 9663 9334 4081 9544 757 131 7928 6611 8505 1116 1377 8990 6315
387 5531 2419 2961 2243 1271 5007 80 5064 3922 872 4712 7327
388 5378 1557 1540 2243 9289 13 78 4086 4762 2191 9943 3828 9037
389 9967 7354 4687 3873 3818 8114 6962 453 6293 5681 8788
390 4138 7116 2781 5436 7782 4090 4484 5706 4506 1837 9411
391 2078 3086 5572 3831 8381 4732 6530 6661 8689 594 2724 4035
392 5590 4294 7107 4697 7599 4400 146 2394 8173 796 4838 3407
393 5820 9664 2920 7576 697 197 6429 6160 7836 9885 4671 9380 8832
394 2282 2450 5873 6360 5225 3396 6547 5057 7564 912 5138 4639 7498 3082
395 7889 2218 7831 2216 1375 6236 513 7128 4035 8596 9869 2993 8669
396 6016 4912 5422 2244 9898 1002 1982 7985 4117 4274 5966 1917 3091
397 5281 4674 2982 7778 651 5981 7887 2114 7142 9118 536
398 9402 7086 802 3890 9887 7911 6681 6434 3220 3721 8894 3343 1089 1056
399 217 7285 192 9454 7073 8556 1571 6159 7413 5184 9626
400 4467 2894 1318 5387 3455 3991 574 3111 3015 8965 7096 4131 1462
401 9522 9733 5357 6469 864 9437 6441 7955 7609 6030 5452
402 310 6949 8335 1159 2429 8947 5579 5141 2471 3811 2125 9099 9539 2717
403 1932 1795 1359 5325 3125 4316 5413 2716 5698 9285 2900 5828 8331 7121
404 8945 6445 2106 9736 1453 4032 9326 6539 6499 8249 3135 8057
405 3911 9108 470 3998 7136 1549 34 2804 2066 325 7067
406 9607 2855 9657 3875 2297 9491 2877 8888 9479 4055 5182 7172 7735 4848
407 9145 4614 4789 9952 2652 70 6817 6258 7999 3570 1917 3523
408 5837 9667 7394 6876 9096 469 8707 9199 1063 8970 3508 5563
409 6206 8424 2657 8974 9473 4290 3200 946 4870
410 5144 1724 6515 6973 7898 8034 6521 1092 8557 3296 2858
411 8247 7372 5925 5296 7805 7908 568 6512 3339 2383 3078 5915
412 4507 8271 1111 6875 4118 3245 4623 9449 3418 2573 704
413 4401 1436 7351 5427 7386 2210 475 9848 8549 7443 788 6694 2826
414 3970 4895 417 7936 8199 8200 8748 4692 3750 6114 7528 3294
415 2912 9510 4521 2184 2348 6093 7964 2767 3780 4621
416 5768 733 4707 9243 9985 4050 8947 2823 7275 8447 1330 6489 3836 732
417 4531 4053 7866 4729 5639 761 6628 2726 5128 1667 7967 7768
418 1988 4313 5611 6227 3546 8708 7240 3357 3884 8074 649
419 8693 6522 4149 8024 3038 1193 8844 8469 5517 4024 3426
420 4536 8042 2641 2898 2090 3975 6230 2290 7859 8770 917 6288 8026
421 7006 7938 9779 3257 9980 326 1474 2057 8914 5269 8832
422 3725 129 9207 9900 6818 1764 1741 1937 6218 4809 7403
423 6615 1531 6523 9213 5799 8581 8579 7517 8621 799 6540 4748 6794 9621
424 8597 3860 6861 2416 176 2386 4940 4281 3175 4559 3544 2533
425 6974 6614 6652 3587 9560 8976 5569 1973 5862 7388 3651 9997 1464
426 6612 6170 6590 2585 3551 3979 2425 5977 2497
427 855 851 5598 9033 1243 7113 3569 9050 6383
428 6528 3695 8589 1415 2874 9909 8620 6519 8303 4547 6109
429 9358 2694 5605 1321 6399 1026 5743 9587 7663 3610 3758 3666
430 6645 1175 3227 6309 2439 7764 2415 8193 59 3525 9135 324 8168 9302
431 2155 2253 5908 4158 6010 7963 9519 7397 4862
432 6091 5195 7986 2061 873 2999 1902 3023 5309 3791
433 505 8819 5976 8404 7354 4928 5458 5524 3491 9022 623
434 4877 3207 2327 9100 4201 4571 1735 6835 139 1516 4722
435 7723 6740 4412 9436 9872 8464 4628 5705 2719 1901 6482
436 1909 7797 7563 2516 1469 6503 372 9310 3014 7009 8350 3286
437 2950 5465 8334 4315 5812 9091 6048 5086 2790 325 8497 6715
438 1106 862 4319 934 8432 6927 6204 4003 139 3226 7574 6796 3687 9290
439 4482 9418 7681 6450 2771 3404 5826 6131 3403 8693 4176 5806 7194 4293
440 1278 8710 5245 748 5904 8013 8438 7750 2829 1268
441 8730 4040 8975 166 2086 118 1337 7003 739 4522 8062 7671
442 5135 8569 3959 5227 6406 220 8401 9829 7275 3596 1036 6603 392
443 3490 5208 601 8636 4925 7299 9129 4574 9816 7573 3129 4545 557 3786 4300
444 7191 8293 9387 6708 9906 2440 3552 2102 8319 6559 1789 2635 1611 7359
445 385 4952 94 3910 9467 9222 7958 9613 3220 9893 8146 6757
446 9224 7444 9660 6533 8997 7922 2239 6922 6858 2772 527 4497 2840
447 5536 806 6547 5497 1417 1912 8501 8733 7346 7623 3376 2245
448 5079 3654 9065 3382 6196 9166 5346 577 375 2885
449 400 2421 6465 9482 2869 6889 2520 8725 5060 4963 6562 3078 6327
450 7916 5286 256 9326 3554 290 3482 44 9950 3938
451 5876 6061 1394 9891 9941 6498 4039 1662 9442 2630 5267 7885 5154
452 1285 8956 4597 7475 4824 3429 5040 8039 2118 368 9268
453 2060 428 9986 3027 8946 9209 834 6259 7218 9106 9162 9259
454 1573 8126 6079 9965 6820 7545 1277 9592 9974 8312 4303 5110
455 4576 7830 491 9174 9086 5415 4602 2354 1975 938
456 5899 9662 5754 8880 316 3234 761 8036 9449 3329 6422 7199 3773
457 8293 4727 9658 5181 5367 6270 6632 2846 5603 818 62 7208 1206
458 5910 6516 858 2731 7097 5458 967 1426 1178 5514 2495 615 5118 1472
459 3574 1663 2559 4558 4553 3680 7853 4465 171
460 6133 2904 4121 5655 4631 5092 5255 5197 4382 290 2057 837
461 1199 1381 5917 6321 6725 5667 5663 6596 4700 6047 230
462 8809 3056 6640 9787 1745 5539 3145 8015 1787 1763 3805 3849 6263 5167
463 836 8841 2166 9141 5320 1133 8216 1549 2578 2863 7217 2865 6234 2650
464 9432 1062 9459 447 6096 3995 2193 1249 2773 9587 2549
465 2541 5335 3840 3929 9768 8552 5520 8248 3009 5132 9567 2839 6045 6403
466 4844 2340 6336 9911 8766 8117 871 3052 937 5784 7512 7656 7741 3888 2623
467 7649 1286 8741 1595 2039 7786 5428 3722 8943 3006 5631 6211
468 511 8715 5874 6459 691 562 9824 6704 2080 4284 7413 5120
469 1011 5442 1441 7766 7286 8545 3738 4617
470 604 7593 3052 2330 3664 1902 4950 3022 3701 5507 2710 3649 2745
471 8375 2894 3644 4905 2087 4292 9119 1414 7108 4129 5546 6376 6814 554 2729 55
472 4616 4861 3344 2586 6737 8128 1368 8884 5139 2051 5635 9404
473 3346 10 7366 1455 422 2653 3758 2943 8267 8066 8467 2110 9376 2644
474 2793 7613 1925 2092 1146 6895 460 4967 590 1119 7909
475 5847 4386 4546 3885 8866 3850 2215 1375 6173 1461 5415 3662
476 6348 865 794 3064 2590 3338 9835 2368 8758 7411 7763 2696 1117 1163
477 7594 4261 6546 6023 9420 6771 4416 1608 7822 7758 8186
478 2733 9493 578 8482 1490 2774 705 3203 1935 7300 4018 3362 6446
479 1289 8904 1005 9331 9940 329 1115 9687 5459 7258 6440 6081 2380
480 7601 2575 6005 4880 8398 1800 3700 3590 300 946 2472 9519 6800 2600
481 3660 4218 1569 8658 343 7106 3795 6368 1450 5161 3047 64 3665
482 8595 3190 5927 1848 1821 437 9872 5048 7519 8203 336 3812 3058 8485
483 3008 2603 7088 8468 4808 5584 301 3605 6688 7184 7503 1884
484 1287 3099 9614 936 8824 8195 3883 6416 6013 2372 783 1142 4998 5804
485 6625 9802 2124 8478 9729 4888 1537 6062 5120 3235 4593
486 9075 1954 1914 8961 9523 6097 9080 7977 2582 3077 3812 1626 110 5642
487 3165 1693 3303 6184 1857 8612 2075 7450 2472 182 9362
488 4207 4976 4689 591 5694 4901 3237 193 9118 552 8164
489 9131 9077 3391 3562 7433 4612 3282 6856 6535 3077 2294 826
490 9167 5593 3255 970 9743 1230 7294 1049 7899 4474 7058 9707 2468
491 8142 9558 3240 1523 6092 6529 5835 1850 2502 4961 6887
492 225 9482 9295 7331 1761 1128 3916 9320 2148 1819 1618 494
493 9142 3923 8201 8587 5347 9420 5236 523 1729 8572
494 840 2818 4218 7670 3086 95 7060 6569 5370 5833 5698 549 7998 1979
495 9123 6276 5767 1299 3391 7408 6764 1460 186 6448 9844 3707
496 2283 8597 592 195 8897 6515 7108 6282 8332 5077 6806 4713
497 6069 7010 4652 7817 259 5255 9568 1218 4279 8896 6727
498 2126 9110 4681 2557 4720 2888 8755 6043 3781 6056
499 3907 9019 8510 2766 709 1984 5909 3440 4886 5878 6965
