100
0 6884 4952 5039 3299 8893 3857 1771 7199 7747 511 5206 8756 9387 1941 6296 799 9219 3204 32 9514 3718 3010 8319 9032 8425 7552 125 3819 6388 3144 5856 9318 4617 1594 2610 2184 6214 1420 6533 6412 4729 7263 7887 4696 1196 2429 2966 2477 3099 3138 5828 737 8740 5887 5300 6304 7294 427 3057 2469 5398 9139 6024 8442 3307 4509 4302 2681 2939 5321 6019 840 7665 604 3354 2518 4346 3729 8480 8779 1694 58 5071 3441 1799 4292 2777 3911 7327 9015 3929 5483 6723 5968 429 4537 594 8295 8234 2375
1
2
3
4
5
6
7
8
9
10
11
12
13
14
15
16
17
18
19
20
21
22
23
24
25
26
27
28
29
30
31
32
33
34
35
36
37
38
39
40
41
42
43
44
45
46
47
48
49
50
51
52
53
54
55
56
57
58
59
60
61
62
63
64
65
66
67
68
69
70
71
72
73
74
75
76
77
78
79
80
81
82
83
84
85
86
87
88
89
90
91
92
93
94
95
96
97
98
99
