100
0
1 233 17 58 3400 1780 20 378 422 14 74 3772 3626 32 65 91 67 892 749 6 2128 4727 1290 3 1679 2 4535 49 0 113 201 974 307 869 40
2 482 317 1 7 3506 20 4287 1915 378 841 423 394 8970 3244 604 469 155 39 34 11 476 30 3 8 5 2 28 0 68 18 77 1296 29 9 19
3
4
5 4 1 104 92 642 621 62 362 16 347 1104 728 904 1263 1292 3849 6554 3 23 5 460 2 173 168 27 0 15 56 2208 18 25 86 26 353 48 40
6
7 435 381 2506 16 3929 356 478 552 4371 137 22 128 30 3 27 101 5 580 2 8 0 606 64 51 68 254 31 243 2316 3471 805 9 141
8
9 483 24 4 1 46 1077 14 74 719 160 5451 39 35 197 2216 11 795 6729 458 581 143 6 30 263 2381 3 5 8 2 0 554 262 59 1484 57
10 4 1 5478 7 2010 6011 63 1419 62 617 301 119 290 37 708 34 279 4310 137 831 70 1142 6 2660 3 5 2 36 0 151 13 18 95 4420 4106
11 1575 1183 4 1 7 8851 227 47 282 303 16 7918 72 806 7328 6624 1307 3292 3 1135 726 5 2 0 324 51 31 25 53 29 9 66 185
12 1 7 148 256 129 3724 383 16 100 199 393 623 395 37 11 1867 1310 1263 22 2153 4529 6 3 389 87 5 8 1199 23 404 0 45 44 368 113 1410 52 29 19
13
14 3986 4 1 21 47 1519 33 99 237 74 1076 9512 1687 1094 708 311 72 138 61 22 6 23 789 0 240 68 13 243 3001 1387 48 141
15 98 905 4 1 90 20 439 14 211 43 2339 39 552 339 3198 7585 1962 9907 9365 3 341 5 8 2 69 10 0 158 243 18 110 26 52 19 753 130 40
16
17 530 1 321 579 5227 4291 33 16 2382 4134 160 32 200 9174 70 12 355 4651 154 2 228 0 49 64 2502 583 13 201 26 19
18 6061 4 1 7 685 43 3398 3888 338 11 283 1857 89 465 1070 6 3 173 5789 5 2 8 83 0 885 3511 140 534 2839 9 2165
19
20 17 560 4 71 1 2600 99 1589 16 14 9825 295 80 152 3706 11 3632 527 2153 244 6 3 27 2 0 597 943 15 18 110 549 9 66 185
21 1869 8687 24 4 1 7 63 136 16 199 1229 190 4247 125 799 41 60 852 12 919 7161 5 2 0 49 5661 1924 51 538 2384 4911 31 583 120 29 9 2264
22 233 276 24 7624 1 7 20 1158 1039 709 1461 369 41 3935 180 12 500 1290 27 5 8 2 36 886 3156 0 2989 1665 13 18 25 93 48
23 4723 1 7 1109 430 4766 7881 43 623 160 3099 70 12 6 8909 3 23 5 8 2 28 0 68 45 78 52 9 48 7202
24 24 9740 7 1 2546 399 81 5165 74 1655 116 299 232 35 37 197 1428 11 41 42 133 1959 3 5 8 2 8480 10 0 216 934 15 3878 6628 203
25
26 609 1029 4 1 182 5747 7726 227 803 79 4387 14 16 116 193 34 902 105 711 61 6 5974 3 5 2 28 0 31 18 264 549 9 1116
27 287 1981 4 1 1922 71 7 20 21 9334 16 74 231 1468 35 11 235 176 6 252 97 23 5 2 10 0 64 464 113 1427 13 2475 9 19 241 40
28
29
30
31 24 4 1 7 3000 132 124 9848 14 16 2400 116 667 449 34 176 138 12 184 4259 6 3 5 580 2 867 8473 0 2580 797 204 110 19 48 8982 869
32 733 4 1 320 7 20 102 21 2378 7691 390 11 72 2325 4345 12 42 2419 5168 3 154 2 228 10 0 2500 242 113 18 53 26 1318 4061 869
33 4 1 7 115 901 366 1365 20 46 136 8601 479 14 16 701 5091 1887 188 3173 37 6 2453 145 3 27 5 8 2 0 240 440 45 44 204 25 2627 3532 19
34 17 24 4 1 7 4055 194 1675 99 16 1301 155 39 166 2153 3369 6 3894 941 3 27 5 173 2 10 4977 1004 0 165 120 5031 18 9595 26 876 9 665
35
36
37 287 4 1 7 132 3097 548 164 16 162 1482 472 1372 3947 1402 32 200 65 11 4310 687 1737 4309 6 3218 3 5603 27 2377 0 13 15 56 4701 18 29 55
38
39 98 17 4 1 92 115 7 3213 20 47 50 6691 301 801 1010 1174 1947 795 3853 3401 3554 1597 176 67 1671 70 186 3 2 54 28 5921 0 3389 583 15 1929 9 40
40
41 4353 24 1 46 620 131 6166 2142 16 74 163 309 38 437 251 2615 11 426 128 84 6 3 8 5 6656 54 0 923 2868 78 487 53 134 19 141
42 5187 3624 4 1 424 14 1107 74 356 4424 1191 34 731 3585 7031 247 176 229 42 127 3 23 8 27 2 0 334 440 8176 13 3054 861 25 2178 52 40
43
44
45 1 7 917 966 399 1015 504 771 99 675 139 199 155 371 37 34 3475 138 67 6 3 27 8 5 2 867 10 0 4547 254 106 15 25 93
46 1502 107 4 1 63 129 1293 1498 1098 14 6869 2837 152 121 155 65 11 1091 968 8743 12 143 128 6 3 389 5 2 0 448 245 6397 15 59 5435 52 9 1576
47 1416 17 234 3662 71 7 1 104 20 148 47 155 108 67 12 494 3 8719 168 8 154 2 54 36 4204 0 5 51 45 31 583 492 26 9
48 7993 4 1 321 81 2148 390 4912 7558 7495 4247 35 3550 32 552 258 39 61 22 12 6 2381 5 8 2 28 0 49 64 1254 45 120 31 13 577 1906 52
49 665 482 4 71 7 1 300 6670 1585 20 9230 33 121 35 32 11 1721 2610 4374 7559 61 42 5428 6 3 766 28 0 448 700 9495 1122 1557 26 167 48 1041
50
51 1 20 81 284 14 155 2620 468 180 138 1383 12 493 127 6 1035 4946 3 9165 780 5 2 0 1063 487 297 345 225 93 185
52
53 366 1 4 7 6121 96 16 2328 1958 7241 600 155 32 34 681 60 458 133 4132 1032 126 3 168 23 5 2 8 27 0 135 120 140 106 583 496 192 6845 25
54
55 58 1 715 3477 3244 7701 138 1737 22 12 656 127 6 30 126 97 87 8 5 2 83 10 0 377 165 64 967 554 175 31 2580 797 15 77 25 1225 9 19 484 2033 203 40
56 98 1502 4 1 7 71 1148 50 222 3756 379 802 39 728 279 5117 9915 426 6432 593 3 168 8 789 5276 0 64 7484 174 18 243 2264 9749 141
57 1112 4 1 7 90 20 415 43 739 505 1972 1061 187 258 708 1334 1155 166 2741 22 3975 945 42 6 145 3 8 2 36 0 829 216 45 113 3490 158 56 583 29 9 238 48
58
59
60
61
62 98 7624 4 1 85 148 479 62 1173 6224 16 999 732 4127 469 187 32 7252 608 1310 60 6937 138 89 1283 84 6 3870 3 5 277 2 69 28 147 0 191 31 158 117 582
63 17 499 58 1 20 136 195 2148 559 14 2112 451 1010 5313 298 125 7892 11 1652 41 60 176 82 6428 859 3 27 177 8 2 28 466 5 0 829 68 3054 56 110 57 9486 316 40
64 17 7189 2642 4 1 7 58 20 96 210 7860 714 32 731 11 75 1738 1737 112 12 236 355 3 1021 679 8 10 0 191 178 13 9584 111 29 9 117 524 40
65
66 2179 4 1 435 3730 43 16 14 874 38 160 2138 138 112 12 3292 3 2 54 10 0 51 178 4654 111 1901 444 1906 9 4775
67 1 579 9824 47 81 16 8080 38 641 170 299 708 4354 67 535 3975 42 6 3 1188 1290 5 2 36 10 0 64 4508 51 4498 120 110 52 9
68 17 24 4 1 7 320 115 63 1127 20 132 46 224 16 618 308 244 6 4594 177 27 23 2 54 10 8 0 49 554 1122 1215 2933 56 29 9 453
69
70
71 4 1 7 33 14 290 163 1634 155 1360 32 7406 3271 6924 67 1671 919 30 145 3 5 8 2 10 83 0 214 151 1494 31 1645 2513 8151 18 25 204 26 9
72
73
74 17 24 4 1170 1 7 621 50 677 226 164 14 16 843 9837 11 2812 968 60 8699 2746 364 438 6 822 3 23 5 28 0 45 113 13 1623 26 9 19
75 17 1 2725 63 148 2207 50 778 479 33 850 14 1193 37 11 65 72 60 8270 1671 329 229 6 401 8271 3 5 2 0 3215 2616 6662 6165 53 1759 29 911 48 109 3247
76 24 1 4588 71 196 132 777 1675 6402 477 14 163 452 2236 199 1602 2446 11 1540 2724 6 355 678 8 5 2 27 36 867 0 367 56 111 86 18 2208 7749 1858 9
77
78
79
80 361 107 4 1 909 20 46 21 303 43 16 14 170 32 41 968 22 128 1810 6 355 903 87 27 5 7123 2 54 0 51 68 175 192 111 9872
81 98 123 4 1 7 71 423 16 957 35 7320 8728 2136 2789 61 4439 659 1226 2771 2424 3 6773 27 5 8 2 173 10 466 0 532 68 342 59 9 997
82 832 24 1 224 844 79 1260 291 50 3097 14 739 146 38 7677 118 65 72 573 138 1671 1506 30 3 5 2 249 10 214 0 51 56 18 3545 1779 349 9 40
83 17 24 366 4 1 9876 2063 21 79 1895 16 3244 9412 4189 607 449 155 37 11 4512 112 4178 2035 6 145 3 168 5 154 2 4225 404 8 0 240 900 15 19 456
84 17 24 4 1 621 370 660 362 33 7699 4291 16 4642 5667 2420 11 60 42 263 878 3 3618 6868 2 28 2246 5276 0 49 94 95 159 2034
85
86 361 1 7 485 579 21 4773 162 222 1465 441 568 32 995 3184 308 968 67 329 9514 1257 6 588 126 97 3 23 2 54 10 0 8942 26 9 19
87
88 2952 24 90 1 7 85 21 96 301 14 172 2763 1624 2389 155 37 11 618 476 41 22 12 6 1272 8017 27 8 2491 2 54 0 44 13 15 297 274 1581 549 9 697
89
90 24 4 1 115 7 132 6302 21 14 1809 450 4189 232 929 2108 37 3755 6354 181 535 22 12 2337 3 5 9030 2 0 554 467 13 29 944
91 585 2001 1 266 20 1279 3784 14 237 463 162 3244 138 329 426 406 6 126 3 27 101 8 28 10 0 1866 610 56 111 2367 26 53 225 40
92 1505 17 24 4 1 348 20 227 208 3097 150 33 43 16 1958 1624 1321 35 11 1131 89 84 6 3 27 5 277 2 101 8 0 583 15 183 18 55 2371
93
94
95
96
97 518 24 4 1 7 115 85 47 21 129 50 4425 38 727 7457 673 11 6341 12 329 6 30 3 23 2 54 36 69 0 3295 1256 31 18 9 225
98 2712 4 1 2546 6608 1069 3097 14 6008 921 38 88 395 39 4711 75 3064 1732 3083 166 6 30 494 355 3 5 2 0 51 7717 1423 15 18 57 307
99 98 4 1 104 7 4625 21 5573 548 6402 303 505 756 296 708 476 75 651 137 138 3849 8868 870 3738 337 3 261 726 8 2 28 0 64 175 15 18 9 5817
